<?xml version="1.0" encoding="UTF-8"?>
<testsuites name="CuPa" time="2423" tests="43" failures="0" errors="0">
   <testsuite name="CuPa" tests="43" failures="0" errors="0" time="2423" timestamp="2018-03-06 09:38:18" hostname="Megapoort - DESKTOP-47R6KV7.localdomain" id="Test Suites/CuPa">
      <properties>
         <property name="deviceName" value=""/>
         <property name="devicePlatform" value=""/>
         <property name="logFolder" value="D:\\Project\\DS5.2.1\\Reports\\CuPa\\20180306_093817"/>
         <property name="logFiles" value="D:\\Project\\DS5.2.1\\Reports\\CuPa\\20180306_093817\\execution0.log"/>
         <property name="attachments" value=""/>
         <property name="hostName" value="Megapoort - DESKTOP-47R6KV7.localdomain"/>
         <property name="os" value="Windows 10 64bit"/>
         <property name="katalonVersion" value="5.3.1.1"/>
         <property name="browser" value="Chrome 64.0.3282.186"/>
         <property name="hostAddress" value="192.168.100.78"/>
         <property name="sessionId" value="0f878a042bd28bf7510cb4a8b98d2411"/>
         <property name="seleniumVersion" value="3.7.1"/>
         <property name="proxyInformation" value="ProxyInformation{proxyOption=NO_PROXY, proxyServerType=HTTP, password=, proxyServerAddress=, proxyServerPort=0}"/>
         <property name="platform" value="Windows 10"/>
      </properties>
      <testcase name="Test Cases/CuPaStefanie/0" classname="Test Cases/CuPaStefanie/0" status="PASSED">
         <system-out><![CDATA[2018-03-06 09:38:19 - [TEST_CASE][PASSED] - Test Cases/CuPaStefanie/0: Test Cases/CuPaStefanie/0

2018-03-06 09:38:19 - [TEST_STEP][PASSED] - Statement - timeStamp = new java.text.SimpleDateFormat(dd.MM.yyyy).format(java.util.Calendar.getInstance().getTime()): null

2018-03-06 09:38:19 - [TEST_STEP][PASSED] - Statement - timeStampScreenshot = new java.text.SimpleDateFormat(dd.MM.yyyy).format(java.util.Calendar.getInstance().getTime()): null

2018-03-06 09:38:19 - [TEST_STEP][PASSED] - Statement - ps = new java.io.PrintStream((((timeStamp + _Run) + run) + .txt)): null]]></system-out>
         <system-err><![CDATA[]]></system-err>
      </testcase>
      <testcase name="Test Cases/CuPaStefanie/1" classname="Test Cases/CuPaStefanie/1" status="PASSED">
         <system-out><![CDATA[2018-03-06 09:38:19 - [TEST_CASE][PASSED] - Test Cases/CuPaStefanie/1: Test Cases/CuPaStefanie/1

2018-03-06 09:38:19 - [TEST_STEP][PASSED] - Statement - timeStamp = new java.text.SimpleDateFormat(dd.MM.yyyy).format(java.util.Calendar.getInstance().getTime()): null

2018-03-06 09:38:19 - [TEST_STEP][PASSED] - Statement - timeStampScreenshot = new java.text.SimpleDateFormat(dd.MM.yyyy).format(java.util.Calendar.getInstance().getTime()): null

2018-03-06 09:38:19 - [TEST_STEP][PASSED] - Statement - iconmap = [:]: null

2018-03-06 09:38:19 - [TEST_STEP][PASSED] - Statement - txtmap = [:]: null

2018-03-06 09:38:19 - [TEST_STEP][PASSED] - Statement - signmap = [:]: null

2018-03-06 09:38:19 - [TEST_STEP][PASSED] - cupakeysDl.initStart.initialStart: cupakeysDl.initStart.initialStart is PASSED

2018-03-06 09:38:22 - [MESSAGE][PASSED] - Browser is opened with url: ''

2018-03-06 09:38:25 - [MESSAGE][PASSED] - Delayed 3 second(s)

2018-03-06 09:38:27 - [MESSAGE][PASSED] - Navigate to 'https://d16a4dsnr8a0k1.cloudfront.net/en/2455233.html?price=150.00%20%E2%82%AC&partName=wilsonPartName&vin=wilsonVin&modelCode=XP11&paint=P0A94&modelDescription=wilsonModelDescription&additionalEquipment=wilsonAdditionalEquipment' successfully

2018-03-06 09:38:27 - [MESSAGE][PASSED] - Object 'Object Repository/CuPaDl/Loading_indicator' is visible

2018-03-06 09:38:37 - [MESSAGE][PASSED] - Object 'Object Repository/CuPaDl/Loading_indicator' is NOT visible

2018-03-06 09:38:38 - [MESSAGE][PASSED] - Delayed 1 second(s)

2018-03-06 09:38:38 - [MESSAGE][PASSED] - cupakeysDl.initStart.initialStart is PASSED

2018-03-06 09:38:38 - [TEST_STEP][PASSED] - Statement - (step++): null

2018-03-06 09:38:38 - [TEST_STEP][PASSED] - cupakeysDl.color.changecolor: cupakeysDl.color.changecolor is PASSED

2018-03-06 09:38:38 - [MESSAGE][PASSED] - Object 'Object Repository/CuPaDl/Color/Color' is visible

2018-03-06 09:38:38 - [MESSAGE][PASSED] - Object: 'Object Repository/CuPaDl/Color/Color' is clicked on

2018-03-06 09:38:39 - [MESSAGE][PASSED] - Delayed 1 second(s)

2018-03-06 09:38:39 - [MESSAGE][PASSED] - Object 'Object Repository/CuPaDl/Color/Color_passionred' is visible

2018-03-06 09:38:39 - [MESSAGE][PASSED] - Object: 'Object Repository/CuPaDl/Color/Color_passionred' is clicked on

2018-03-06 09:38:39 - [MESSAGE][WARNING] - Timeout '0' is invalid. Using default page load timeout: '30'

2018-03-06 09:38:39 - [MESSAGE][PASSED] - Object 'Object Repository/CuPaDl/Color/Color_passionred' is visible

2018-03-06 09:38:40 - [MESSAGE][PASSED] - Delayed 1 second(s)

2018-03-06 09:38:41 - [MESSAGE][PASSED] - Object: 'Object Repository/CuPaDl/Color/Color_passionred' is clicked on

2018-03-06 09:38:44 - [MESSAGE][WARNING] - Object 'Object Repository/CuPaDl/Loading_indicator' is not visible after 3 second(s)

2018-03-06 09:38:45 - [MESSAGE][PASSED] - Delayed 1 second(s)

2018-03-06 09:38:45 - [MESSAGE][PASSED] - cupakeysDl.color.changecolor is PASSED

2018-03-06 09:38:45 - [TEST_STEP][PASSED] - Statement - (step++): null

2018-03-06 09:38:45 - [TEST_STEP][PASSED] - cupakeysDl.chngstruct.changestructure: cupakeysDl.chngstruct.changestructure is PASSED

2018-03-06 09:38:45 - [MESSAGE][PASSED] - Object: 'Object Repository/CuPaDl/Structure/Structure' is clicked on

2018-03-06 09:38:45 - [MESSAGE][WARNING] - Timeout '0' is invalid. Using default page load timeout: '30'

2018-03-06 09:38:45 - [MESSAGE][PASSED] - Object 'Object Repository/CuPaDl/Structure/Structure_Hahnentritt' is visible

2018-03-06 09:38:45 - [MESSAGE][PASSED] - Object 'Object Repository/CuPaDl/Structure/Structure_drops' is visible

2018-03-06 09:38:45 - [MESSAGE][PASSED] - Object: 'Object Repository/CuPaDl/Structure/Structure_drops' is clicked on

2018-03-06 09:38:46 - [MESSAGE][PASSED] - Object 'Object Repository/CuPaDl/Loading_indicator' is visible

2018-03-06 09:38:53 - [MESSAGE][PASSED] - Object 'Object Repository/CuPaDl/Loading_indicator' is NOT visible

2018-03-06 09:38:54 - [MESSAGE][PASSED] - Delayed 1 second(s)

2018-03-06 09:38:54 - [MESSAGE][PASSED] - cupakeysDl.chngstruct.changestructure is PASSED

2018-03-06 09:38:54 - [TEST_STEP][PASSED] - Statement - (step++): null

2018-03-06 09:38:54 - [TEST_STEP][PASSED] - cupakeysDl.sclstruct.scalestructure: cupakeysDl.sclstruct.scalestructure is PASSED

2018-03-06 09:38:57 - [MESSAGE][WARNING] - Object 'Object Repository/CuPaDl/Structure/Resize_Structure_bottomright' is not visible after 3 second(s)

2018-03-06 09:38:57 - [MESSAGE][PASSED] - Object: 'Object Repository/CuPaDl/Structure/Resize_Structure' is clicked on

2018-03-06 09:38:57 - [MESSAGE][WARNING] - Timeout '0' is invalid. Using default page load timeout: '30'

2018-03-06 09:38:57 - [MESSAGE][PASSED] - Object 'Object Repository/CuPaDl/Structure/Resize_Structure_bottomright' is visible

2018-03-06 09:38:58 - [MESSAGE][PASSED] - Delayed 1 second(s)

2018-03-06 09:38:58 - [MESSAGE][PASSED] - Current viewport's left (x) position is 0

2018-03-06 09:38:58 - [MESSAGE][PASSED] - Current viewport's top (y) position is 54

2018-03-06 09:38:58 - [MESSAGE][PASSED] - Dragged object with id 'Object Repository/CuPaDl/Structure/Resize_Structure_bottomright' by offset distance x = -225 and y = -171 successfully

2018-03-06 09:38:59 - [MESSAGE][PASSED] - Object 'Object Repository/CuPaDl/Loading_indicator' is visible

2018-03-06 09:39:27 - [MESSAGE][PASSED] - Object 'Object Repository/CuPaDl/Loading_indicator' is NOT visible

2018-03-06 09:39:28 - [MESSAGE][PASSED] - Delayed 1 second(s)

2018-03-06 09:39:28 - [MESSAGE][PASSED] - cupakeysDl.sclstruct.scalestructure is PASSED

2018-03-06 09:39:28 - [TEST_STEP][PASSED] - Statement - (step++): null

2018-03-06 09:39:28 - [TEST_STEP][PASSED] - Statement - iconmap += CustomKeywords.cupakeysDl.iconad.iconadd("unionjack", LoadTimeCorrector, step, run, device, timeStamp, iconcount): cupakeysDl.iconad.iconadd is PASSED

2018-03-06 09:39:28 - [MESSAGE][PASSED] - Object: 'Object Repository/CuPaDl/Icons/Icon' is clicked on

2018-03-06 09:39:28 - [MESSAGE][PASSED] - Object 'Object Repository/CuPaDl/Icons/Icon_unionjack' is visible

2018-03-06 09:39:28 - [MESSAGE][PASSED] - Object: 'Object Repository/CuPaDl/Icons/Icon_unionjack' is clicked on

2018-03-06 09:39:29 - [MESSAGE][PASSED] - Delayed 1 second(s)

2018-03-06 09:39:29 - [MESSAGE][PASSED] - Object 'Object Repository/CuPaDl/Loading_indicator' is visible

2018-03-06 09:39:31 - [MESSAGE][PASSED] - Object 'Object Repository/CuPaDl/Loading_indicator' is NOT visible

2018-03-06 09:39:31 - [MESSAGE][WARNING] - Timeout '0' is invalid. Using default page load timeout: '30'

2018-03-06 09:39:31 - [MESSAGE][PASSED] - Width of element 'Object Repository/CuPaDl/Icons/Reposition_icon' is '40'

2018-03-06 09:39:31 - [MESSAGE][PASSED] - Height of element 'Object Repository/CuPaDl/Icons/Reposition_icon' is '40'.

2018-03-06 09:39:32 - [MESSAGE][PASSED] - Delayed 1 second(s)

2018-03-06 09:39:32 - [MESSAGE][PASSED] - cupakeysDl.iconad.iconadd is PASSED

2018-03-06 09:39:32 - [TEST_STEP][PASSED] - Statement - (step++): null

2018-03-06 09:39:32 - [TEST_STEP][PASSED] - Statement - (iconcount++): null

2018-03-06 09:39:32 - [TEST_STEP][PASSED] - cupakeysDl.iconres.iconresize: cupakeysDl.iconres.iconresize is PASSED

2018-03-06 09:39:32 - [MESSAGE][PASSED] - Object 'Object Repository/CuPaDl/Icons/Reposition_icon' is visible

2018-03-06 09:39:32 - [MESSAGE][PASSED] - Current viewport's left (x) position is 0

2018-03-06 09:39:32 - [MESSAGE][PASSED] - Current viewport's top (y) position is 54

2018-03-06 09:39:33 - [MESSAGE][PASSED] - Dragged object with id 'Object Repository/CuPaDl/Icons/Resize_icon_bottomright' by offset distance x = -125 and y = -71 successfully

2018-03-06 09:39:34 - [MESSAGE][PASSED] - Object 'Object Repository/CuPaDl/Loading_indicator' is visible

2018-03-06 09:39:52 - [MESSAGE][PASSED] - Object 'Object Repository/CuPaDl/Loading_indicator' is NOT visible

2018-03-06 09:39:53 - [MESSAGE][PASSED] - Delayed 1 second(s)

2018-03-06 09:39:53 - [MESSAGE][PASSED] - cupakeysDl.iconres.iconresize is PASSED

2018-03-06 09:39:53 - [TEST_STEP][PASSED] - Statement - (step++): null

2018-03-06 09:39:53 - [TEST_STEP][PASSED] - cupakeysDl.slink.svlink: cupakeysDl.slink.svlink is PASSED

2018-03-06 09:39:53 - [MESSAGE][PASSED] - Scroll to object 'Object Repository/CuPaDl/Save/Save' successfully

2018-03-06 09:39:55 - [MESSAGE][PASSED] - Object: 'Object Repository/CuPaDl/Save/Save' is clicked on

2018-03-06 09:39:55 - [MESSAGE][WARNING] - Timeout '0' is invalid. Using default page load timeout: '30'

2018-03-06 09:39:56 - [MESSAGE][PASSED] - Object 'Object Repository/CuPaDl/Save/CopyLink' is visible

2018-03-06 09:39:56 - [MESSAGE][PASSED] - Attribute 'value' of object 'Object Repository/CuPaDl/Save/Link' is: 'https://d16a4dsnr8a0k1.cloudfront.net/en/2455233.html?scupaId=By8qXGovMC4qI3o0RURF'

2018-03-06 09:39:56 - [MESSAGE][PASSED] - cupakeysDl.slink.svlink is PASSED

2018-03-06 09:39:56 - [TEST_STEP][PASSED] - cupakeysDl.endsession.finishsession: cupakeysDl.endsession.finishsession is PASSED

2018-03-06 09:39:59 - [MESSAGE][PASSED] - Delayed 3 second(s)

2018-03-06 09:40:00 - [MESSAGE][PASSED] - Browser is closed

2018-03-06 09:40:00 - [MESSAGE][PASSED] - cupakeysDl.endsession.finishsession is PASSED]]></system-out>
         <system-err><![CDATA[]]></system-err>
      </testcase>
      <testcase name="Test Cases/CuPaStefanie/2" classname="Test Cases/CuPaStefanie/2" status="PASSED">
         <system-out><![CDATA[2018-03-06 09:40:00 - [TEST_CASE][PASSED] - Test Cases/CuPaStefanie/2: Test Cases/CuPaStefanie/2

2018-03-06 09:40:00 - [TEST_STEP][PASSED] - Statement - timeStamp = new java.text.SimpleDateFormat(dd.MM.yyyy).format(java.util.Calendar.getInstance().getTime()): null

2018-03-06 09:40:00 - [TEST_STEP][PASSED] - Statement - timeStampScreenshot = new java.text.SimpleDateFormat(dd.MM.yyyy).format(java.util.Calendar.getInstance().getTime()): null

2018-03-06 09:40:00 - [TEST_STEP][PASSED] - Statement - iconmap = [:]: null

2018-03-06 09:40:00 - [TEST_STEP][PASSED] - Statement - txtmap = [:]: null

2018-03-06 09:40:00 - [TEST_STEP][PASSED] - Statement - signmap = [:]: null

2018-03-06 09:40:00 - [TEST_STEP][PASSED] - cupakeysDl.initStart.initialStart: cupakeysDl.initStart.initialStart is PASSED

2018-03-06 09:40:02 - [MESSAGE][PASSED] - Browser is opened with url: ''

2018-03-06 09:40:05 - [MESSAGE][PASSED] - Delayed 3 second(s)

2018-03-06 09:40:06 - [MESSAGE][PASSED] - Navigate to 'https://d16a4dsnr8a0k1.cloudfront.net/en/2455233.html?price=150.00%20%E2%82%AC&partName=wilsonPartName&vin=wilsonVin&modelCode=XP11&paint=P0A94&modelDescription=wilsonModelDescription&additionalEquipment=wilsonAdditionalEquipment' successfully

2018-03-06 09:40:06 - [MESSAGE][PASSED] - Object 'Object Repository/CuPaDl/Loading_indicator' is visible

2018-03-06 09:40:14 - [MESSAGE][PASSED] - Object 'Object Repository/CuPaDl/Loading_indicator' is NOT visible

2018-03-06 09:40:15 - [MESSAGE][PASSED] - Delayed 1 second(s)

2018-03-06 09:40:15 - [MESSAGE][PASSED] - cupakeysDl.initStart.initialStart is PASSED

2018-03-06 09:40:15 - [TEST_STEP][PASSED] - Statement - (step++): null

2018-03-06 09:40:15 - [TEST_STEP][PASSED] - cupakeysDl.color.changecolor: cupakeysDl.color.changecolor is PASSED

2018-03-06 09:40:17 - [MESSAGE][PASSED] - Object 'Object Repository/CuPaDl/Color/Color' is visible

2018-03-06 09:40:17 - [MESSAGE][PASSED] - Object: 'Object Repository/CuPaDl/Color/Color' is clicked on

2018-03-06 09:40:18 - [MESSAGE][PASSED] - Delayed 1 second(s)

2018-03-06 09:40:18 - [MESSAGE][PASSED] - Object 'Object Repository/CuPaDl/Color/Color_passionred' is visible

2018-03-06 09:40:18 - [MESSAGE][PASSED] - Object: 'Object Repository/CuPaDl/Color/Color_passionred' is clicked on

2018-03-06 09:40:18 - [MESSAGE][WARNING] - Timeout '0' is invalid. Using default page load timeout: '30'

2018-03-06 09:40:18 - [MESSAGE][PASSED] - Object 'Object Repository/CuPaDl/Color/Color_passionred' is visible

2018-03-06 09:40:19 - [MESSAGE][PASSED] - Delayed 1 second(s)

2018-03-06 09:40:20 - [MESSAGE][PASSED] - Object: 'Object Repository/CuPaDl/Color/Color_passionred' is clicked on

2018-03-06 09:40:23 - [MESSAGE][WARNING] - Object 'Object Repository/CuPaDl/Loading_indicator' is not visible after 3 second(s)

2018-03-06 09:40:24 - [MESSAGE][PASSED] - Delayed 1 second(s)

2018-03-06 09:40:24 - [MESSAGE][PASSED] - cupakeysDl.color.changecolor is PASSED

2018-03-06 09:40:24 - [TEST_STEP][PASSED] - Statement - (step++): null

2018-03-06 09:40:24 - [TEST_STEP][PASSED] - cupakeysDl.chngstruct.changestructure: cupakeysDl.chngstruct.changestructure is PASSED

2018-03-06 09:40:24 - [MESSAGE][PASSED] - Object: 'Object Repository/CuPaDl/Structure/Structure' is clicked on

2018-03-06 09:40:24 - [MESSAGE][WARNING] - Timeout '0' is invalid. Using default page load timeout: '30'

2018-03-06 09:40:24 - [MESSAGE][PASSED] - Object 'Object Repository/CuPaDl/Structure/Structure_Hahnentritt' is visible

2018-03-06 09:40:24 - [MESSAGE][PASSED] - Object 'Object Repository/CuPaDl/Structure/Structure_drops' is visible

2018-03-06 09:40:24 - [MESSAGE][PASSED] - Object: 'Object Repository/CuPaDl/Structure/Structure_drops' is clicked on

2018-03-06 09:40:25 - [MESSAGE][PASSED] - Object 'Object Repository/CuPaDl/Loading_indicator' is visible

2018-03-06 09:40:33 - [MESSAGE][PASSED] - Object 'Object Repository/CuPaDl/Loading_indicator' is NOT visible

2018-03-06 09:40:34 - [MESSAGE][PASSED] - Delayed 1 second(s)

2018-03-06 09:40:34 - [MESSAGE][PASSED] - cupakeysDl.chngstruct.changestructure is PASSED

2018-03-06 09:40:34 - [TEST_STEP][PASSED] - Statement - (step++): null

2018-03-06 09:40:34 - [TEST_STEP][PASSED] - cupakeysDl.sclstruct.scalestructure: cupakeysDl.sclstruct.scalestructure is PASSED

2018-03-06 09:40:37 - [MESSAGE][WARNING] - Object 'Object Repository/CuPaDl/Structure/Resize_Structure_bottomright' is not visible after 3 second(s)

2018-03-06 09:40:37 - [MESSAGE][PASSED] - Object: 'Object Repository/CuPaDl/Structure/Resize_Structure' is clicked on

2018-03-06 09:40:37 - [MESSAGE][WARNING] - Timeout '0' is invalid. Using default page load timeout: '30'

2018-03-06 09:40:37 - [MESSAGE][PASSED] - Object 'Object Repository/CuPaDl/Structure/Resize_Structure_bottomright' is visible

2018-03-06 09:40:38 - [MESSAGE][PASSED] - Delayed 1 second(s)

2018-03-06 09:40:38 - [MESSAGE][PASSED] - Current viewport's left (x) position is 0

2018-03-06 09:40:38 - [MESSAGE][PASSED] - Current viewport's top (y) position is 54

2018-03-06 09:40:38 - [MESSAGE][PASSED] - Dragged object with id 'Object Repository/CuPaDl/Structure/Resize_Structure_bottomright' by offset distance x = 225 and y = 279 successfully

2018-03-06 09:40:39 - [MESSAGE][PASSED] - Object 'Object Repository/CuPaDl/Loading_indicator' is visible

2018-03-06 09:40:44 - [MESSAGE][PASSED] - Object 'Object Repository/CuPaDl/Loading_indicator' is NOT visible

2018-03-06 09:40:45 - [MESSAGE][PASSED] - Delayed 1 second(s)

2018-03-06 09:40:45 - [MESSAGE][PASSED] - cupakeysDl.sclstruct.scalestructure is PASSED

2018-03-06 09:40:45 - [TEST_STEP][PASSED] - Statement - (step++): null

2018-03-06 09:40:45 - [TEST_STEP][PASSED] - Statement - iconmap += CustomKeywords.cupakeysDl.iconad.iconadd("unionjack", LoadTimeCorrector, step, run, device, timeStamp, iconcount): cupakeysDl.iconad.iconadd is PASSED

2018-03-06 09:40:45 - [MESSAGE][PASSED] - Object: 'Object Repository/CuPaDl/Icons/Icon' is clicked on

2018-03-06 09:40:45 - [MESSAGE][PASSED] - Object 'Object Repository/CuPaDl/Icons/Icon_unionjack' is visible

2018-03-06 09:40:45 - [MESSAGE][PASSED] - Object: 'Object Repository/CuPaDl/Icons/Icon_unionjack' is clicked on

2018-03-06 09:40:46 - [MESSAGE][PASSED] - Delayed 1 second(s)

2018-03-06 09:40:46 - [MESSAGE][PASSED] - Object 'Object Repository/CuPaDl/Loading_indicator' is visible

2018-03-06 09:40:49 - [MESSAGE][PASSED] - Object 'Object Repository/CuPaDl/Loading_indicator' is NOT visible

2018-03-06 09:40:49 - [MESSAGE][WARNING] - Timeout '0' is invalid. Using default page load timeout: '30'

2018-03-06 09:40:49 - [MESSAGE][PASSED] - Width of element 'Object Repository/CuPaDl/Icons/Reposition_icon' is '40'

2018-03-06 09:40:49 - [MESSAGE][PASSED] - Height of element 'Object Repository/CuPaDl/Icons/Reposition_icon' is '40'.

2018-03-06 09:40:50 - [MESSAGE][PASSED] - Delayed 1 second(s)

2018-03-06 09:40:50 - [MESSAGE][PASSED] - cupakeysDl.iconad.iconadd is PASSED

2018-03-06 09:40:50 - [TEST_STEP][PASSED] - Statement - (step++): null

2018-03-06 09:40:50 - [TEST_STEP][PASSED] - Statement - (iconcount++): null

2018-03-06 09:40:50 - [TEST_STEP][PASSED] - cupakeysDl.iconres.iconresize: cupakeysDl.iconres.iconresize is PASSED

2018-03-06 09:40:50 - [MESSAGE][PASSED] - Object 'Object Repository/CuPaDl/Icons/Reposition_icon' is visible

2018-03-06 09:40:50 - [MESSAGE][PASSED] - Current viewport's left (x) position is 0

2018-03-06 09:40:50 - [MESSAGE][PASSED] - Current viewport's top (y) position is 54

2018-03-06 09:40:50 - [MESSAGE][PASSED] - Dragged object with id 'Object Repository/CuPaDl/Icons/Resize_icon_bottomright' by offset distance x = 125 and y = 179 successfully

2018-03-06 09:40:51 - [MESSAGE][PASSED] - Object 'Object Repository/CuPaDl/Loading_indicator' is visible

2018-03-06 09:40:54 - [MESSAGE][PASSED] - Object 'Object Repository/CuPaDl/Loading_indicator' is NOT visible

2018-03-06 09:40:55 - [MESSAGE][PASSED] - Delayed 1 second(s)

2018-03-06 09:40:55 - [MESSAGE][PASSED] - cupakeysDl.iconres.iconresize is PASSED

2018-03-06 09:40:55 - [TEST_STEP][PASSED] - Statement - (step++): null

2018-03-06 09:40:55 - [TEST_STEP][PASSED] - cupakeysDl.slink.svlink: cupakeysDl.slink.svlink is PASSED

2018-03-06 09:40:55 - [MESSAGE][PASSED] - Scroll to object 'Object Repository/CuPaDl/Save/Save' successfully

2018-03-06 09:40:55 - [MESSAGE][PASSED] - Object: 'Object Repository/CuPaDl/Save/Save' is clicked on

2018-03-06 09:40:55 - [MESSAGE][WARNING] - Timeout '0' is invalid. Using default page load timeout: '30'

2018-03-06 09:40:57 - [MESSAGE][PASSED] - Object 'Object Repository/CuPaDl/Save/CopyLink' is visible

2018-03-06 09:40:57 - [MESSAGE][PASSED] - Attribute 'value' of object 'Object Repository/CuPaDl/Save/Link' is: 'https://d16a4dsnr8a0k1.cloudfront.net/en/2455233.html?scupaId=BCYmLXE1LF1XXHo0RURF'

2018-03-06 09:40:57 - [MESSAGE][PASSED] - cupakeysDl.slink.svlink is PASSED

2018-03-06 09:40:57 - [TEST_STEP][PASSED] - cupakeysDl.endsession.finishsession: cupakeysDl.endsession.finishsession is PASSED

2018-03-06 09:41:00 - [MESSAGE][PASSED] - Delayed 3 second(s)

2018-03-06 09:41:01 - [MESSAGE][PASSED] - Browser is closed

2018-03-06 09:41:01 - [MESSAGE][PASSED] - cupakeysDl.endsession.finishsession is PASSED]]></system-out>
         <system-err><![CDATA[]]></system-err>
      </testcase>
      <testcase name="Test Cases/CuPaStefanie/3" classname="Test Cases/CuPaStefanie/3" status="PASSED">
         <system-out><![CDATA[2018-03-06 09:41:01 - [TEST_CASE][PASSED] - Test Cases/CuPaStefanie/3: Test Cases/CuPaStefanie/3

2018-03-06 09:41:01 - [TEST_STEP][PASSED] - Statement - timeStamp = new java.text.SimpleDateFormat(dd.MM.yyyy_HH_mm_ss).format(java.util.Calendar.getInstance().getTime()): null

2018-03-06 09:41:01 - [TEST_STEP][PASSED] - Statement - timeStampScreenshot = new java.text.SimpleDateFormat(dd.MM.yyyy).format(java.util.Calendar.getInstance().getTime()): null

2018-03-06 09:41:01 - [TEST_STEP][PASSED] - Statement - iconmap = [:]: null

2018-03-06 09:41:01 - [TEST_STEP][PASSED] - Statement - txtmap = [:]: null

2018-03-06 09:41:01 - [TEST_STEP][PASSED] - Statement - signmap = [:]: null

2018-03-06 09:41:01 - [TEST_STEP][PASSED] - cupakeysDl.initStart.initialStart: cupakeysDl.initStart.initialStart is PASSED

2018-03-06 09:41:03 - [MESSAGE][PASSED] - Browser is opened with url: ''

2018-03-06 09:41:06 - [MESSAGE][PASSED] - Delayed 3 second(s)

2018-03-06 09:41:07 - [MESSAGE][PASSED] - Navigate to 'https://d16a4dsnr8a0k1.cloudfront.net/en/2455233.html?price=150.00%20%E2%82%AC&partName=wilsonPartName&vin=wilsonVin&modelCode=XP11&paint=P0A94&modelDescription=wilsonModelDescription&additionalEquipment=wilsonAdditionalEquipment' successfully

2018-03-06 09:41:07 - [MESSAGE][PASSED] - Object 'Object Repository/CuPaDl/Loading_indicator' is visible

2018-03-06 09:41:14 - [MESSAGE][PASSED] - Object 'Object Repository/CuPaDl/Loading_indicator' is NOT visible

2018-03-06 09:41:15 - [MESSAGE][PASSED] - Delayed 1 second(s)

2018-03-06 09:41:15 - [MESSAGE][PASSED] - cupakeysDl.initStart.initialStart is PASSED

2018-03-06 09:41:15 - [TEST_STEP][PASSED] - Statement - (step++): null

2018-03-06 09:41:15 - [TEST_STEP][PASSED] - cupakeysDl.color.changecolor: cupakeysDl.color.changecolor is PASSED

2018-03-06 09:41:16 - [MESSAGE][PASSED] - Object 'Object Repository/CuPaDl/Color/Color' is visible

2018-03-06 09:41:16 - [MESSAGE][PASSED] - Object: 'Object Repository/CuPaDl/Color/Color' is clicked on

2018-03-06 09:41:17 - [MESSAGE][PASSED] - Delayed 1 second(s)

2018-03-06 09:41:17 - [MESSAGE][PASSED] - Object 'Object Repository/CuPaDl/Color/Color_nightlightblue' is visible

2018-03-06 09:41:17 - [MESSAGE][PASSED] - Object: 'Object Repository/CuPaDl/Color/Color_nightlightblue' is clicked on

2018-03-06 09:41:17 - [MESSAGE][WARNING] - Timeout '0' is invalid. Using default page load timeout: '30'

2018-03-06 09:41:17 - [MESSAGE][PASSED] - Object 'Object Repository/CuPaDl/Color/Color_nightlightblue' is visible

2018-03-06 09:41:18 - [MESSAGE][PASSED] - Delayed 1 second(s)

2018-03-06 09:41:19 - [MESSAGE][PASSED] - Object: 'Object Repository/CuPaDl/Color/Color_nightlightblue' is clicked on

2018-03-06 09:41:21 - [MESSAGE][PASSED] - Object 'Object Repository/CuPaDl/Loading_indicator' is visible

2018-03-06 09:41:22 - [MESSAGE][PASSED] - Object 'Object Repository/CuPaDl/Loading_indicator' is NOT visible

2018-03-06 09:41:23 - [MESSAGE][PASSED] - Delayed 1 second(s)

2018-03-06 09:41:23 - [MESSAGE][PASSED] - cupakeysDl.color.changecolor is PASSED

2018-03-06 09:41:23 - [TEST_STEP][PASSED] - Statement - (step++): null

2018-03-06 09:41:23 - [TEST_STEP][PASSED] - cupakeysDl.chngstruct.changestructure: cupakeysDl.chngstruct.changestructure is PASSED

2018-03-06 09:41:23 - [MESSAGE][PASSED] - Object: 'Object Repository/CuPaDl/Structure/Structure' is clicked on

2018-03-06 09:41:23 - [MESSAGE][WARNING] - Timeout '0' is invalid. Using default page load timeout: '30'

2018-03-06 09:41:23 - [MESSAGE][PASSED] - Object 'Object Repository/CuPaDl/Structure/Structure_Hahnentritt' is visible

2018-03-06 09:41:23 - [MESSAGE][PASSED] - Object 'Object Repository/CuPaDl/Structure/Structure_chess' is visible

2018-03-06 09:41:23 - [MESSAGE][PASSED] - Object: 'Object Repository/CuPaDl/Structure/Structure_chess' is clicked on

2018-03-06 09:41:25 - [MESSAGE][PASSED] - Object 'Object Repository/CuPaDl/Loading_indicator' is visible

2018-03-06 09:41:26 - [MESSAGE][PASSED] - Object 'Object Repository/CuPaDl/Loading_indicator' is NOT visible

2018-03-06 09:41:27 - [MESSAGE][PASSED] - Delayed 1 second(s)

2018-03-06 09:41:27 - [MESSAGE][PASSED] - cupakeysDl.chngstruct.changestructure is PASSED

2018-03-06 09:41:27 - [TEST_STEP][PASSED] - Statement - (step++): null

2018-03-06 09:41:27 - [TEST_STEP][PASSED] - cupakeysDl.sclstruct.scalestructure: cupakeysDl.sclstruct.scalestructure is PASSED

2018-03-06 09:41:30 - [MESSAGE][WARNING] - Object 'Object Repository/CuPaDl/Structure/Resize_Structure_bottomright' is not visible after 3 second(s)

2018-03-06 09:41:30 - [MESSAGE][PASSED] - Object: 'Object Repository/CuPaDl/Structure/Resize_Structure' is clicked on

2018-03-06 09:41:30 - [MESSAGE][WARNING] - Timeout '0' is invalid. Using default page load timeout: '30'

2018-03-06 09:41:30 - [MESSAGE][PASSED] - Object 'Object Repository/CuPaDl/Structure/Resize_Structure_bottomright' is visible

2018-03-06 09:41:31 - [MESSAGE][PASSED] - Delayed 1 second(s)

2018-03-06 09:41:31 - [MESSAGE][PASSED] - Current viewport's left (x) position is 0

2018-03-06 09:41:31 - [MESSAGE][PASSED] - Current viewport's top (y) position is 54

2018-03-06 09:41:31 - [MESSAGE][PASSED] - Dragged object with id 'Object Repository/CuPaDl/Structure/Resize_Structure_bottomright' by offset distance x = -225 and y = -171 successfully

2018-03-06 09:41:33 - [MESSAGE][PASSED] - Object 'Object Repository/CuPaDl/Loading_indicator' is visible

2018-03-06 09:41:34 - [MESSAGE][PASSED] - Object 'Object Repository/CuPaDl/Loading_indicator' is NOT visible

2018-03-06 09:41:35 - [MESSAGE][PASSED] - Delayed 1 second(s)

2018-03-06 09:41:35 - [MESSAGE][PASSED] - cupakeysDl.sclstruct.scalestructure is PASSED

2018-03-06 09:41:35 - [TEST_STEP][PASSED] - Statement - (step++): null

2018-03-06 09:41:35 - [TEST_STEP][PASSED] - Statement - iconmap += CustomKeywords.cupakeysDl.iconad.iconadd("racing", LoadTimeCorrector, step, run, device, timeStamp, iconcount): cupakeysDl.iconad.iconadd is PASSED

2018-03-06 09:41:35 - [MESSAGE][PASSED] - Object: 'Object Repository/CuPaDl/Icons/Icon' is clicked on

2018-03-06 09:41:35 - [MESSAGE][PASSED] - Object 'Object Repository/CuPaDl/Icons/Icon_racing' is visible

2018-03-06 09:41:36 - [MESSAGE][PASSED] - Object: 'Object Repository/CuPaDl/Icons/Icon_racing' is clicked on

2018-03-06 09:41:37 - [MESSAGE][PASSED] - Delayed 1 second(s)

2018-03-06 09:41:37 - [MESSAGE][PASSED] - Object 'Object Repository/CuPaDl/Loading_indicator' is visible

2018-03-06 09:41:39 - [MESSAGE][PASSED] - Object 'Object Repository/CuPaDl/Loading_indicator' is NOT visible

2018-03-06 09:41:39 - [MESSAGE][WARNING] - Timeout '0' is invalid. Using default page load timeout: '30'

2018-03-06 09:41:39 - [MESSAGE][PASSED] - Width of element 'Object Repository/CuPaDl/Icons/Reposition_icon' is '40'

2018-03-06 09:41:39 - [MESSAGE][PASSED] - Height of element 'Object Repository/CuPaDl/Icons/Reposition_icon' is '40'.

2018-03-06 09:41:40 - [MESSAGE][PASSED] - Delayed 1 second(s)

2018-03-06 09:41:40 - [MESSAGE][PASSED] - cupakeysDl.iconad.iconadd is PASSED

2018-03-06 09:41:40 - [TEST_STEP][PASSED] - Statement - (step++): null

2018-03-06 09:41:40 - [TEST_STEP][PASSED] - Statement - (iconcount++): null

2018-03-06 09:41:40 - [TEST_STEP][PASSED] - cupakeysDl.iconres.iconresize: cupakeysDl.iconres.iconresize is PASSED

2018-03-06 09:41:40 - [MESSAGE][PASSED] - Object 'Object Repository/CuPaDl/Icons/Reposition_icon' is visible

2018-03-06 09:41:40 - [MESSAGE][PASSED] - Current viewport's left (x) position is 0

2018-03-06 09:41:40 - [MESSAGE][PASSED] - Current viewport's top (y) position is 54

2018-03-06 09:41:40 - [MESSAGE][PASSED] - Dragged object with id 'Object Repository/CuPaDl/Icons/Resize_icon_bottomright' by offset distance x = -125 and y = -71 successfully

2018-03-06 09:41:42 - [MESSAGE][PASSED] - Object 'Object Repository/CuPaDl/Loading_indicator' is visible

2018-03-06 09:41:43 - [MESSAGE][PASSED] - Object 'Object Repository/CuPaDl/Loading_indicator' is NOT visible

2018-03-06 09:41:44 - [MESSAGE][PASSED] - Delayed 1 second(s)

2018-03-06 09:41:44 - [MESSAGE][PASSED] - cupakeysDl.iconres.iconresize is PASSED

2018-03-06 09:41:44 - [TEST_STEP][PASSED] - Statement - (step++): null

2018-03-06 09:41:44 - [TEST_STEP][PASSED] - cupakeysDl.slink.svlink: cupakeysDl.slink.svlink is PASSED

2018-03-06 09:41:44 - [MESSAGE][PASSED] - Scroll to object 'Object Repository/CuPaDl/Save/Save' successfully

2018-03-06 09:41:44 - [MESSAGE][PASSED] - Object: 'Object Repository/CuPaDl/Save/Save' is clicked on

2018-03-06 09:41:44 - [MESSAGE][WARNING] - Timeout '0' is invalid. Using default page load timeout: '30'

2018-03-06 09:41:46 - [MESSAGE][PASSED] - Object 'Object Repository/CuPaDl/Save/CopyLink' is visible

2018-03-06 09:41:46 - [MESSAGE][PASSED] - Attribute 'value' of object 'Object Repository/CuPaDl/Save/Link' is: 'https://d16a4dsnr8a0k1.cloudfront.net/en/2455233.html?scupaId=H1Q6NhUjJzA5LHo0RURG'

2018-03-06 09:41:46 - [MESSAGE][PASSED] - cupakeysDl.slink.svlink is PASSED

2018-03-06 09:41:46 - [TEST_STEP][PASSED] - cupakeysDl.endsession.finishsession: cupakeysDl.endsession.finishsession is PASSED

2018-03-06 09:41:49 - [MESSAGE][PASSED] - Delayed 3 second(s)

2018-03-06 09:41:50 - [MESSAGE][PASSED] - Browser is closed

2018-03-06 09:41:50 - [MESSAGE][PASSED] - cupakeysDl.endsession.finishsession is PASSED]]></system-out>
         <system-err><![CDATA[]]></system-err>
      </testcase>
      <testcase name="Test Cases/CuPaStefanie/4" classname="Test Cases/CuPaStefanie/4" status="PASSED">
         <system-out><![CDATA[2018-03-06 09:41:50 - [TEST_CASE][PASSED] - Test Cases/CuPaStefanie/4: Test Cases/CuPaStefanie/4

2018-03-06 09:41:50 - [TEST_STEP][PASSED] - Statement - timeStamp = new java.text.SimpleDateFormat(dd.MM.yyyy_HH_mm_ss).format(java.util.Calendar.getInstance().getTime()): null

2018-03-06 09:41:50 - [TEST_STEP][PASSED] - Statement - timeStampScreenshot = new java.text.SimpleDateFormat(dd.MM.yyyy).format(java.util.Calendar.getInstance().getTime()): null

2018-03-06 09:41:50 - [TEST_STEP][PASSED] - Statement - iconmap = [:]: null

2018-03-06 09:41:50 - [TEST_STEP][PASSED] - Statement - txtmap = [:]: null

2018-03-06 09:41:50 - [TEST_STEP][PASSED] - Statement - signmap = [:]: null

2018-03-06 09:41:50 - [TEST_STEP][PASSED] - cupakeysDl.initStart.initialStart: cupakeysDl.initStart.initialStart is PASSED

2018-03-06 09:41:52 - [MESSAGE][PASSED] - Browser is opened with url: ''

2018-03-06 09:41:55 - [MESSAGE][PASSED] - Delayed 3 second(s)

2018-03-06 09:41:56 - [MESSAGE][PASSED] - Navigate to 'https://d16a4dsnr8a0k1.cloudfront.net/en/2455233.html?price=150.00%20%E2%82%AC&partName=wilsonPartName&vin=wilsonVin&modelCode=XP11&paint=P0A94&modelDescription=wilsonModelDescription&additionalEquipment=wilsonAdditionalEquipment' successfully

2018-03-06 09:41:56 - [MESSAGE][PASSED] - Object 'Object Repository/CuPaDl/Loading_indicator' is visible

2018-03-06 09:42:01 - [MESSAGE][PASSED] - Object 'Object Repository/CuPaDl/Loading_indicator' is NOT visible

2018-03-06 09:42:02 - [MESSAGE][PASSED] - Delayed 1 second(s)

2018-03-06 09:42:02 - [MESSAGE][PASSED] - cupakeysDl.initStart.initialStart is PASSED

2018-03-06 09:42:02 - [TEST_STEP][PASSED] - Statement - (step++): null

2018-03-06 09:42:02 - [TEST_STEP][PASSED] - cupakeysDl.color.changecolor: cupakeysDl.color.changecolor is PASSED

2018-03-06 09:42:03 - [MESSAGE][PASSED] - Object 'Object Repository/CuPaDl/Color/Color' is visible

2018-03-06 09:42:03 - [MESSAGE][PASSED] - Object: 'Object Repository/CuPaDl/Color/Color' is clicked on

2018-03-06 09:42:04 - [MESSAGE][PASSED] - Delayed 1 second(s)

2018-03-06 09:42:04 - [MESSAGE][PASSED] - Object 'Object Repository/CuPaDl/Color/Color_nightlightblue' is visible

2018-03-06 09:42:04 - [MESSAGE][PASSED] - Object: 'Object Repository/CuPaDl/Color/Color_nightlightblue' is clicked on

2018-03-06 09:42:04 - [MESSAGE][WARNING] - Timeout '0' is invalid. Using default page load timeout: '30'

2018-03-06 09:42:04 - [MESSAGE][PASSED] - Object 'Object Repository/CuPaDl/Color/Color_nightlightblue' is visible

2018-03-06 09:42:05 - [MESSAGE][PASSED] - Delayed 1 second(s)

2018-03-06 09:42:05 - [MESSAGE][PASSED] - Object: 'Object Repository/CuPaDl/Color/Color_nightlightblue' is clicked on

2018-03-06 09:42:09 - [MESSAGE][WARNING] - Object 'Object Repository/CuPaDl/Loading_indicator' is not visible after 3 second(s)

2018-03-06 09:42:10 - [MESSAGE][PASSED] - Delayed 1 second(s)

2018-03-06 09:42:10 - [MESSAGE][PASSED] - cupakeysDl.color.changecolor is PASSED

2018-03-06 09:42:10 - [TEST_STEP][PASSED] - Statement - (step++): null

2018-03-06 09:42:10 - [TEST_STEP][PASSED] - cupakeysDl.chngstruct.changestructure: cupakeysDl.chngstruct.changestructure is PASSED

2018-03-06 09:42:10 - [MESSAGE][PASSED] - Object: 'Object Repository/CuPaDl/Structure/Structure' is clicked on

2018-03-06 09:42:10 - [MESSAGE][WARNING] - Timeout '0' is invalid. Using default page load timeout: '30'

2018-03-06 09:42:10 - [MESSAGE][PASSED] - Object 'Object Repository/CuPaDl/Structure/Structure_Hahnentritt' is visible

2018-03-06 09:42:10 - [MESSAGE][PASSED] - Object 'Object Repository/CuPaDl/Structure/Structure_chess' is visible

2018-03-06 09:42:10 - [MESSAGE][PASSED] - Object: 'Object Repository/CuPaDl/Structure/Structure_chess' is clicked on

2018-03-06 09:42:11 - [MESSAGE][PASSED] - Object 'Object Repository/CuPaDl/Loading_indicator' is visible

2018-03-06 09:42:13 - [MESSAGE][PASSED] - Object 'Object Repository/CuPaDl/Loading_indicator' is NOT visible

2018-03-06 09:42:14 - [MESSAGE][PASSED] - Delayed 1 second(s)

2018-03-06 09:42:14 - [MESSAGE][PASSED] - cupakeysDl.chngstruct.changestructure is PASSED

2018-03-06 09:42:14 - [TEST_STEP][PASSED] - Statement - (step++): null

2018-03-06 09:42:14 - [TEST_STEP][PASSED] - cupakeysDl.sclstruct.scalestructure: cupakeysDl.sclstruct.scalestructure is PASSED

2018-03-06 09:42:17 - [MESSAGE][WARNING] - Object 'Object Repository/CuPaDl/Structure/Resize_Structure_bottomright' is not visible after 3 second(s)

2018-03-06 09:42:17 - [MESSAGE][PASSED] - Object: 'Object Repository/CuPaDl/Structure/Resize_Structure' is clicked on

2018-03-06 09:42:17 - [MESSAGE][WARNING] - Timeout '0' is invalid. Using default page load timeout: '30'

2018-03-06 09:42:17 - [MESSAGE][PASSED] - Object 'Object Repository/CuPaDl/Structure/Resize_Structure_bottomright' is visible

2018-03-06 09:42:18 - [MESSAGE][PASSED] - Delayed 1 second(s)

2018-03-06 09:42:18 - [MESSAGE][PASSED] - Current viewport's left (x) position is 0

2018-03-06 09:42:18 - [MESSAGE][PASSED] - Current viewport's top (y) position is 54

2018-03-06 09:42:18 - [MESSAGE][PASSED] - Dragged object with id 'Object Repository/CuPaDl/Structure/Resize_Structure_bottomright' by offset distance x = 225 and y = 279 successfully

2018-03-06 09:42:19 - [MESSAGE][PASSED] - Object 'Object Repository/CuPaDl/Loading_indicator' is visible

2018-03-06 09:42:20 - [MESSAGE][PASSED] - Object 'Object Repository/CuPaDl/Loading_indicator' is NOT visible

2018-03-06 09:42:21 - [MESSAGE][PASSED] - Delayed 1 second(s)

2018-03-06 09:42:21 - [MESSAGE][PASSED] - cupakeysDl.sclstruct.scalestructure is PASSED

2018-03-06 09:42:21 - [TEST_STEP][PASSED] - Statement - (step++): null

2018-03-06 09:42:21 - [TEST_STEP][PASSED] - Statement - iconmap += CustomKeywords.cupakeysDl.iconad.iconadd("racing", LoadTimeCorrector, step, run, device, timeStamp, iconcount): cupakeysDl.iconad.iconadd is PASSED

2018-03-06 09:42:21 - [MESSAGE][PASSED] - Object: 'Object Repository/CuPaDl/Icons/Icon' is clicked on

2018-03-06 09:42:21 - [MESSAGE][PASSED] - Object 'Object Repository/CuPaDl/Icons/Icon_racing' is visible

2018-03-06 09:42:21 - [MESSAGE][PASSED] - Object: 'Object Repository/CuPaDl/Icons/Icon_racing' is clicked on

2018-03-06 09:42:22 - [MESSAGE][PASSED] - Delayed 1 second(s)

2018-03-06 09:42:23 - [MESSAGE][PASSED] - Object 'Object Repository/CuPaDl/Loading_indicator' is visible

2018-03-06 09:42:24 - [MESSAGE][PASSED] - Object 'Object Repository/CuPaDl/Loading_indicator' is NOT visible

2018-03-06 09:42:24 - [MESSAGE][WARNING] - Timeout '0' is invalid. Using default page load timeout: '30'

2018-03-06 09:42:24 - [MESSAGE][PASSED] - Width of element 'Object Repository/CuPaDl/Icons/Reposition_icon' is '40'

2018-03-06 09:42:24 - [MESSAGE][PASSED] - Height of element 'Object Repository/CuPaDl/Icons/Reposition_icon' is '40'.

2018-03-06 09:42:25 - [MESSAGE][PASSED] - Delayed 1 second(s)

2018-03-06 09:42:25 - [MESSAGE][PASSED] - cupakeysDl.iconad.iconadd is PASSED

2018-03-06 09:42:25 - [TEST_STEP][PASSED] - Statement - (step++): null

2018-03-06 09:42:25 - [TEST_STEP][PASSED] - Statement - (iconcount++): null

2018-03-06 09:42:25 - [TEST_STEP][PASSED] - cupakeysDl.iconres.iconresize: cupakeysDl.iconres.iconresize is PASSED

2018-03-06 09:42:25 - [MESSAGE][PASSED] - Object 'Object Repository/CuPaDl/Icons/Reposition_icon' is visible

2018-03-06 09:42:25 - [MESSAGE][PASSED] - Current viewport's left (x) position is 0

2018-03-06 09:42:25 - [MESSAGE][PASSED] - Current viewport's top (y) position is 54

2018-03-06 09:42:25 - [MESSAGE][PASSED] - Dragged object with id 'Object Repository/CuPaDl/Icons/Resize_icon_bottomright' by offset distance x = 125 and y = 179 successfully

2018-03-06 09:42:27 - [MESSAGE][PASSED] - Object 'Object Repository/CuPaDl/Loading_indicator' is visible

2018-03-06 09:42:28 - [MESSAGE][PASSED] - Object 'Object Repository/CuPaDl/Loading_indicator' is NOT visible

2018-03-06 09:42:29 - [MESSAGE][PASSED] - Delayed 1 second(s)

2018-03-06 09:42:29 - [MESSAGE][PASSED] - cupakeysDl.iconres.iconresize is PASSED

2018-03-06 09:42:29 - [TEST_STEP][PASSED] - Statement - (step++): null

2018-03-06 09:42:29 - [TEST_STEP][PASSED] - cupakeysDl.slink.svlink: cupakeysDl.slink.svlink is PASSED

2018-03-06 09:42:29 - [MESSAGE][PASSED] - Scroll to object 'Object Repository/CuPaDl/Save/Save' successfully

2018-03-06 09:42:29 - [MESSAGE][PASSED] - Object: 'Object Repository/CuPaDl/Save/Save' is clicked on

2018-03-06 09:42:29 - [MESSAGE][WARNING] - Timeout '0' is invalid. Using default page load timeout: '30'

2018-03-06 09:42:31 - [MESSAGE][PASSED] - Object 'Object Repository/CuPaDl/Save/CopyLink' is visible

2018-03-06 09:42:31 - [MESSAGE][PASSED] - Attribute 'value' of object 'Object Repository/CuPaDl/Save/Link' is: 'https://d16a4dsnr8a0k1.cloudfront.net/en/2455233.html?scupaId=GVYiKRUmLCc/Uno0RURG'

2018-03-06 09:42:31 - [MESSAGE][PASSED] - cupakeysDl.slink.svlink is PASSED

2018-03-06 09:42:31 - [TEST_STEP][PASSED] - cupakeysDl.endsession.finishsession: cupakeysDl.endsession.finishsession is PASSED

2018-03-06 09:42:34 - [MESSAGE][PASSED] - Delayed 3 second(s)

2018-03-06 09:42:34 - [MESSAGE][PASSED] - Browser is closed

2018-03-06 09:42:34 - [MESSAGE][PASSED] - cupakeysDl.endsession.finishsession is PASSED]]></system-out>
         <system-err><![CDATA[]]></system-err>
      </testcase>
      <testcase name="Test Cases/CuPaStefanie/5" classname="Test Cases/CuPaStefanie/5" status="PASSED">
         <system-out><![CDATA[2018-03-06 09:42:34 - [TEST_CASE][PASSED] - Test Cases/CuPaStefanie/5: Test Cases/CuPaStefanie/5

2018-03-06 09:42:34 - [TEST_STEP][PASSED] - Statement - timeStamp = new java.text.SimpleDateFormat(dd.MM.yyyy_HH_mm_ss).format(java.util.Calendar.getInstance().getTime()): null

2018-03-06 09:42:34 - [TEST_STEP][PASSED] - Statement - timeStampScreenshot = new java.text.SimpleDateFormat(dd.MM.yyyy).format(java.util.Calendar.getInstance().getTime()): null

2018-03-06 09:42:34 - [TEST_STEP][PASSED] - Statement - iconmap = [:]: null

2018-03-06 09:42:34 - [TEST_STEP][PASSED] - Statement - txtmap = [:]: null

2018-03-06 09:42:34 - [TEST_STEP][PASSED] - Statement - signmap = [:]: null

2018-03-06 09:42:34 - [TEST_STEP][PASSED] - cupakeysDl.initStart.initialStart: cupakeysDl.initStart.initialStart is PASSED

2018-03-06 09:42:36 - [MESSAGE][PASSED] - Browser is opened with url: ''

2018-03-06 09:42:39 - [MESSAGE][PASSED] - Delayed 3 second(s)

2018-03-06 09:42:41 - [MESSAGE][PASSED] - Navigate to 'https://d16a4dsnr8a0k1.cloudfront.net/en/2455233.html?price=150.00%20%E2%82%AC&partName=wilsonPartName&vin=wilsonVin&modelCode=XP11&paint=P0A94&modelDescription=wilsonModelDescription&additionalEquipment=wilsonAdditionalEquipment' successfully

2018-03-06 09:42:41 - [MESSAGE][PASSED] - Object 'Object Repository/CuPaDl/Loading_indicator' is visible

2018-03-06 09:42:48 - [MESSAGE][PASSED] - Object 'Object Repository/CuPaDl/Loading_indicator' is NOT visible

2018-03-06 09:42:49 - [MESSAGE][PASSED] - Delayed 1 second(s)

2018-03-06 09:42:49 - [MESSAGE][PASSED] - cupakeysDl.initStart.initialStart is PASSED

2018-03-06 09:42:49 - [TEST_STEP][PASSED] - Statement - (step++): null

2018-03-06 09:42:49 - [TEST_STEP][PASSED] - cupakeysDl.color.changecolor: cupakeysDl.color.changecolor is PASSED

2018-03-06 09:42:49 - [MESSAGE][PASSED] - Object 'Object Repository/CuPaDl/Color/Color' is visible

2018-03-06 09:42:49 - [MESSAGE][PASSED] - Object: 'Object Repository/CuPaDl/Color/Color' is clicked on

2018-03-06 09:42:50 - [MESSAGE][PASSED] - Delayed 1 second(s)

2018-03-06 09:42:50 - [MESSAGE][PASSED] - Object 'Object Repository/CuPaDl/Color/Color_solartsorange' is visible

2018-03-06 09:42:50 - [MESSAGE][PASSED] - Object: 'Object Repository/CuPaDl/Color/Color_solartsorange' is clicked on

2018-03-06 09:42:50 - [MESSAGE][WARNING] - Timeout '0' is invalid. Using default page load timeout: '30'

2018-03-06 09:42:50 - [MESSAGE][PASSED] - Object 'Object Repository/CuPaDl/Color/Color_solartsorange' is visible

2018-03-06 09:42:51 - [MESSAGE][PASSED] - Delayed 1 second(s)

2018-03-06 09:42:52 - [MESSAGE][PASSED] - Object: 'Object Repository/CuPaDl/Color/Color_solartsorange' is clicked on

2018-03-06 09:42:53 - [MESSAGE][PASSED] - Object 'Object Repository/CuPaDl/Loading_indicator' is visible

2018-03-06 09:42:54 - [MESSAGE][PASSED] - Object 'Object Repository/CuPaDl/Loading_indicator' is NOT visible

2018-03-06 09:42:55 - [MESSAGE][PASSED] - Delayed 1 second(s)

2018-03-06 09:42:55 - [MESSAGE][PASSED] - cupakeysDl.color.changecolor is PASSED

2018-03-06 09:42:55 - [TEST_STEP][PASSED] - Statement - (step++): null

2018-03-06 09:42:55 - [TEST_STEP][PASSED] - cupakeysDl.chngstruct.changestructure: cupakeysDl.chngstruct.changestructure is PASSED

2018-03-06 09:42:55 - [MESSAGE][PASSED] - Object: 'Object Repository/CuPaDl/Structure/Structure' is clicked on

2018-03-06 09:42:55 - [MESSAGE][WARNING] - Timeout '0' is invalid. Using default page load timeout: '30'

2018-03-06 09:42:55 - [MESSAGE][PASSED] - Object 'Object Repository/CuPaDl/Structure/Structure_Hahnentritt' is visible

2018-03-06 09:42:55 - [MESSAGE][PASSED] - Object 'Object Repository/CuPaDl/Structure/Structure_angles' is visible

2018-03-06 09:42:55 - [MESSAGE][PASSED] - Object: 'Object Repository/CuPaDl/Structure/Structure_angles' is clicked on

2018-03-06 09:42:56 - [MESSAGE][PASSED] - Object 'Object Repository/CuPaDl/Loading_indicator' is visible

2018-03-06 09:43:00 - [MESSAGE][PASSED] - Object 'Object Repository/CuPaDl/Loading_indicator' is NOT visible

2018-03-06 09:43:01 - [MESSAGE][PASSED] - Delayed 1 second(s)

2018-03-06 09:43:01 - [MESSAGE][PASSED] - cupakeysDl.chngstruct.changestructure is PASSED

2018-03-06 09:43:01 - [TEST_STEP][PASSED] - Statement - (step++): null

2018-03-06 09:43:01 - [TEST_STEP][PASSED] - cupakeysDl.sclstruct.scalestructure: cupakeysDl.sclstruct.scalestructure is PASSED

2018-03-06 09:43:05 - [MESSAGE][WARNING] - Object 'Object Repository/CuPaDl/Structure/Resize_Structure_bottomright' is not visible after 3 second(s)

2018-03-06 09:43:05 - [MESSAGE][PASSED] - Object: 'Object Repository/CuPaDl/Structure/Resize_Structure' is clicked on

2018-03-06 09:43:05 - [MESSAGE][WARNING] - Timeout '0' is invalid. Using default page load timeout: '30'

2018-03-06 09:43:05 - [MESSAGE][PASSED] - Object 'Object Repository/CuPaDl/Structure/Resize_Structure_bottomright' is visible

2018-03-06 09:43:06 - [MESSAGE][PASSED] - Delayed 1 second(s)

2018-03-06 09:43:06 - [MESSAGE][PASSED] - Current viewport's left (x) position is 0

2018-03-06 09:43:06 - [MESSAGE][PASSED] - Current viewport's top (y) position is 54

2018-03-06 09:43:06 - [MESSAGE][PASSED] - Dragged object with id 'Object Repository/CuPaDl/Structure/Resize_Structure_bottomright' by offset distance x = -225 and y = -171 successfully

2018-03-06 09:43:07 - [MESSAGE][PASSED] - Object 'Object Repository/CuPaDl/Loading_indicator' is visible

2018-03-06 09:43:12 - [MESSAGE][PASSED] - Object 'Object Repository/CuPaDl/Loading_indicator' is NOT visible

2018-03-06 09:43:13 - [MESSAGE][PASSED] - Delayed 1 second(s)

2018-03-06 09:43:13 - [MESSAGE][PASSED] - cupakeysDl.sclstruct.scalestructure is PASSED

2018-03-06 09:43:13 - [TEST_STEP][PASSED] - Statement - (step++): null

2018-03-06 09:43:13 - [TEST_STEP][PASSED] - Statement - iconmap += CustomKeywords.cupakeysDl.iconad.iconadd("compass", LoadTimeCorrector, step, run, device, timeStamp, iconcount): cupakeysDl.iconad.iconadd is PASSED

2018-03-06 09:43:13 - [MESSAGE][PASSED] - Object: 'Object Repository/CuPaDl/Icons/Icon' is clicked on

2018-03-06 09:43:13 - [MESSAGE][PASSED] - Object 'Object Repository/CuPaDl/Icons/Icon_compass' is visible

2018-03-06 09:43:13 - [MESSAGE][PASSED] - Object: 'Object Repository/CuPaDl/Icons/Icon_compass' is clicked on

2018-03-06 09:43:14 - [MESSAGE][PASSED] - Delayed 1 second(s)

2018-03-06 09:43:14 - [MESSAGE][PASSED] - Object 'Object Repository/CuPaDl/Loading_indicator' is visible

2018-03-06 09:43:18 - [MESSAGE][PASSED] - Object 'Object Repository/CuPaDl/Loading_indicator' is NOT visible

2018-03-06 09:43:18 - [MESSAGE][WARNING] - Timeout '0' is invalid. Using default page load timeout: '30'

2018-03-06 09:43:18 - [MESSAGE][PASSED] - Width of element 'Object Repository/CuPaDl/Icons/Reposition_icon' is '40'

2018-03-06 09:43:18 - [MESSAGE][PASSED] - Height of element 'Object Repository/CuPaDl/Icons/Reposition_icon' is '40'.

2018-03-06 09:43:19 - [MESSAGE][PASSED] - Delayed 1 second(s)

2018-03-06 09:43:19 - [MESSAGE][PASSED] - cupakeysDl.iconad.iconadd is PASSED

2018-03-06 09:43:19 - [TEST_STEP][PASSED] - Statement - (step++): null

2018-03-06 09:43:19 - [TEST_STEP][PASSED] - Statement - (iconcount++): null

2018-03-06 09:43:19 - [TEST_STEP][PASSED] - cupakeysDl.iconres.iconresize: cupakeysDl.iconres.iconresize is PASSED

2018-03-06 09:43:19 - [MESSAGE][PASSED] - Object 'Object Repository/CuPaDl/Icons/Reposition_icon' is visible

2018-03-06 09:43:19 - [MESSAGE][PASSED] - Current viewport's left (x) position is 0

2018-03-06 09:43:19 - [MESSAGE][PASSED] - Current viewport's top (y) position is 54

2018-03-06 09:43:19 - [MESSAGE][PASSED] - Dragged object with id 'Object Repository/CuPaDl/Icons/Resize_icon_bottomright' by offset distance x = -125 and y = -71 successfully

2018-03-06 09:43:20 - [MESSAGE][PASSED] - Object 'Object Repository/CuPaDl/Loading_indicator' is visible

2018-03-06 09:43:25 - [MESSAGE][PASSED] - Object 'Object Repository/CuPaDl/Loading_indicator' is NOT visible

2018-03-06 09:43:26 - [MESSAGE][PASSED] - Delayed 1 second(s)

2018-03-06 09:43:26 - [MESSAGE][PASSED] - cupakeysDl.iconres.iconresize is PASSED

2018-03-06 09:43:26 - [TEST_STEP][PASSED] - Statement - (step++): null

2018-03-06 09:43:26 - [TEST_STEP][PASSED] - cupakeysDl.slink.svlink: cupakeysDl.slink.svlink is PASSED

2018-03-06 09:43:27 - [MESSAGE][PASSED] - Scroll to object 'Object Repository/CuPaDl/Save/Save' successfully

2018-03-06 09:43:27 - [MESSAGE][PASSED] - Object: 'Object Repository/CuPaDl/Save/Save' is clicked on

2018-03-06 09:43:27 - [MESSAGE][WARNING] - Timeout '0' is invalid. Using default page load timeout: '30'

2018-03-06 09:43:28 - [MESSAGE][PASSED] - Object 'Object Repository/CuPaDl/Save/CopyLink' is visible

2018-03-06 09:43:28 - [MESSAGE][PASSED] - Attribute 'value' of object 'Object Repository/CuPaDl/Save/Link' is: 'https://d16a4dsnr8a0k1.cloudfront.net/en/2455233.html?scupaId=Ci0sNHBaJytcUXo0RURH'

2018-03-06 09:43:28 - [MESSAGE][PASSED] - cupakeysDl.slink.svlink is PASSED

2018-03-06 09:43:28 - [TEST_STEP][PASSED] - cupakeysDl.endsession.finishsession: cupakeysDl.endsession.finishsession is PASSED

2018-03-06 09:43:31 - [MESSAGE][PASSED] - Delayed 3 second(s)

2018-03-06 09:43:32 - [MESSAGE][PASSED] - Browser is closed

2018-03-06 09:43:32 - [MESSAGE][PASSED] - cupakeysDl.endsession.finishsession is PASSED]]></system-out>
         <system-err><![CDATA[]]></system-err>
      </testcase>
      <testcase name="Test Cases/CuPaStefanie/6" classname="Test Cases/CuPaStefanie/6" status="PASSED">
         <system-out><![CDATA[2018-03-06 09:43:32 - [TEST_CASE][PASSED] - Test Cases/CuPaStefanie/6: Test Cases/CuPaStefanie/6

2018-03-06 09:43:32 - [TEST_STEP][PASSED] - Statement - timeStamp = new java.text.SimpleDateFormat(dd.MM.yyyy_HH_mm_ss).format(java.util.Calendar.getInstance().getTime()): null

2018-03-06 09:43:32 - [TEST_STEP][PASSED] - Statement - timeStampScreenshot = new java.text.SimpleDateFormat(dd.MM.yyyy).format(java.util.Calendar.getInstance().getTime()): null

2018-03-06 09:43:32 - [TEST_STEP][PASSED] - Statement - iconmap = [:]: null

2018-03-06 09:43:32 - [TEST_STEP][PASSED] - Statement - txtmap = [:]: null

2018-03-06 09:43:32 - [TEST_STEP][PASSED] - Statement - signmap = [:]: null

2018-03-06 09:43:32 - [TEST_STEP][PASSED] - cupakeysDl.initStart.initialStart: cupakeysDl.initStart.initialStart is PASSED

2018-03-06 09:43:34 - [MESSAGE][PASSED] - Browser is opened with url: ''

2018-03-06 09:43:37 - [MESSAGE][PASSED] - Delayed 3 second(s)

2018-03-06 09:43:38 - [MESSAGE][PASSED] - Navigate to 'https://d16a4dsnr8a0k1.cloudfront.net/en/2455233.html?price=150.00%20%E2%82%AC&partName=wilsonPartName&vin=wilsonVin&modelCode=XP11&paint=P0A94&modelDescription=wilsonModelDescription&additionalEquipment=wilsonAdditionalEquipment' successfully

2018-03-06 09:43:38 - [MESSAGE][PASSED] - Object 'Object Repository/CuPaDl/Loading_indicator' is visible

2018-03-06 09:43:47 - [MESSAGE][PASSED] - Object 'Object Repository/CuPaDl/Loading_indicator' is NOT visible

2018-03-06 09:43:48 - [MESSAGE][PASSED] - Delayed 1 second(s)

2018-03-06 09:43:48 - [MESSAGE][PASSED] - cupakeysDl.initStart.initialStart is PASSED

2018-03-06 09:43:48 - [TEST_STEP][PASSED] - Statement - (step++): null

2018-03-06 09:43:48 - [TEST_STEP][PASSED] - cupakeysDl.color.changecolor: cupakeysDl.color.changecolor is PASSED

2018-03-06 09:43:48 - [MESSAGE][PASSED] - Object 'Object Repository/CuPaDl/Color/Color' is visible

2018-03-06 09:43:48 - [MESSAGE][PASSED] - Object: 'Object Repository/CuPaDl/Color/Color' is clicked on

2018-03-06 09:43:49 - [MESSAGE][PASSED] - Delayed 1 second(s)

2018-03-06 09:43:49 - [MESSAGE][PASSED] - Object 'Object Repository/CuPaDl/Color/Color_solartsorange' is visible

2018-03-06 09:43:49 - [MESSAGE][PASSED] - Object: 'Object Repository/CuPaDl/Color/Color_solartsorange' is clicked on

2018-03-06 09:43:49 - [MESSAGE][WARNING] - Timeout '0' is invalid. Using default page load timeout: '30'

2018-03-06 09:43:49 - [MESSAGE][PASSED] - Object 'Object Repository/CuPaDl/Color/Color_solartsorange' is visible

2018-03-06 09:43:50 - [MESSAGE][PASSED] - Delayed 1 second(s)

2018-03-06 09:43:50 - [MESSAGE][PASSED] - Object: 'Object Repository/CuPaDl/Color/Color_solartsorange' is clicked on

2018-03-06 09:43:53 - [MESSAGE][WARNING] - Object 'Object Repository/CuPaDl/Loading_indicator' is not visible after 3 second(s)

2018-03-06 09:43:54 - [MESSAGE][PASSED] - Delayed 1 second(s)

2018-03-06 09:43:54 - [MESSAGE][PASSED] - cupakeysDl.color.changecolor is PASSED

2018-03-06 09:43:54 - [TEST_STEP][PASSED] - Statement - (step++): null

2018-03-06 09:43:54 - [TEST_STEP][PASSED] - cupakeysDl.chngstruct.changestructure: cupakeysDl.chngstruct.changestructure is PASSED

2018-03-06 09:43:54 - [MESSAGE][PASSED] - Object: 'Object Repository/CuPaDl/Structure/Structure' is clicked on

2018-03-06 09:43:54 - [MESSAGE][WARNING] - Timeout '0' is invalid. Using default page load timeout: '30'

2018-03-06 09:43:54 - [MESSAGE][PASSED] - Object 'Object Repository/CuPaDl/Structure/Structure_Hahnentritt' is visible

2018-03-06 09:43:54 - [MESSAGE][PASSED] - Object 'Object Repository/CuPaDl/Structure/Structure_angles' is visible

2018-03-06 09:43:54 - [MESSAGE][PASSED] - Object: 'Object Repository/CuPaDl/Structure/Structure_angles' is clicked on

2018-03-06 09:43:55 - [MESSAGE][PASSED] - Object 'Object Repository/CuPaDl/Loading_indicator' is visible

2018-03-06 09:44:00 - [MESSAGE][PASSED] - Object 'Object Repository/CuPaDl/Loading_indicator' is NOT visible

2018-03-06 09:44:01 - [MESSAGE][PASSED] - Delayed 1 second(s)

2018-03-06 09:44:01 - [MESSAGE][PASSED] - cupakeysDl.chngstruct.changestructure is PASSED

2018-03-06 09:44:01 - [TEST_STEP][PASSED] - Statement - (step++): null

2018-03-06 09:44:01 - [TEST_STEP][PASSED] - cupakeysDl.sclstruct.scalestructure: cupakeysDl.sclstruct.scalestructure is PASSED

2018-03-06 09:44:04 - [MESSAGE][WARNING] - Object 'Object Repository/CuPaDl/Structure/Resize_Structure_bottomright' is not visible after 3 second(s)

2018-03-06 09:44:04 - [MESSAGE][PASSED] - Object: 'Object Repository/CuPaDl/Structure/Resize_Structure' is clicked on

2018-03-06 09:44:04 - [MESSAGE][WARNING] - Timeout '0' is invalid. Using default page load timeout: '30'

2018-03-06 09:44:04 - [MESSAGE][PASSED] - Object 'Object Repository/CuPaDl/Structure/Resize_Structure_bottomright' is visible

2018-03-06 09:44:05 - [MESSAGE][PASSED] - Delayed 1 second(s)

2018-03-06 09:44:05 - [MESSAGE][PASSED] - Current viewport's left (x) position is 0

2018-03-06 09:44:05 - [MESSAGE][PASSED] - Current viewport's top (y) position is 54

2018-03-06 09:44:05 - [MESSAGE][PASSED] - Dragged object with id 'Object Repository/CuPaDl/Structure/Resize_Structure_bottomright' by offset distance x = 225 and y = 279 successfully

2018-03-06 09:44:06 - [MESSAGE][PASSED] - Object 'Object Repository/CuPaDl/Loading_indicator' is visible

2018-03-06 09:44:09 - [MESSAGE][PASSED] - Object 'Object Repository/CuPaDl/Loading_indicator' is NOT visible

2018-03-06 09:44:10 - [MESSAGE][PASSED] - Delayed 1 second(s)

2018-03-06 09:44:10 - [MESSAGE][PASSED] - cupakeysDl.sclstruct.scalestructure is PASSED

2018-03-06 09:44:10 - [TEST_STEP][PASSED] - Statement - (step++): null

2018-03-06 09:44:10 - [TEST_STEP][PASSED] - Statement - iconmap += CustomKeywords.cupakeysDl.iconad.iconadd("compass", LoadTimeCorrector, step, run, device, timeStamp, iconcount): cupakeysDl.iconad.iconadd is PASSED

2018-03-06 09:44:10 - [MESSAGE][PASSED] - Object: 'Object Repository/CuPaDl/Icons/Icon' is clicked on

2018-03-06 09:44:10 - [MESSAGE][PASSED] - Object 'Object Repository/CuPaDl/Icons/Icon_compass' is visible

2018-03-06 09:44:10 - [MESSAGE][PASSED] - Object: 'Object Repository/CuPaDl/Icons/Icon_compass' is clicked on

2018-03-06 09:44:11 - [MESSAGE][PASSED] - Delayed 1 second(s)

2018-03-06 09:44:11 - [MESSAGE][PASSED] - Object 'Object Repository/CuPaDl/Loading_indicator' is visible

2018-03-06 09:44:15 - [MESSAGE][PASSED] - Object 'Object Repository/CuPaDl/Loading_indicator' is NOT visible

2018-03-06 09:44:15 - [MESSAGE][WARNING] - Timeout '0' is invalid. Using default page load timeout: '30'

2018-03-06 09:44:15 - [MESSAGE][PASSED] - Width of element 'Object Repository/CuPaDl/Icons/Reposition_icon' is '40'

2018-03-06 09:44:15 - [MESSAGE][PASSED] - Height of element 'Object Repository/CuPaDl/Icons/Reposition_icon' is '40'.

2018-03-06 09:44:16 - [MESSAGE][PASSED] - Delayed 1 second(s)

2018-03-06 09:44:16 - [MESSAGE][PASSED] - cupakeysDl.iconad.iconadd is PASSED

2018-03-06 09:44:16 - [TEST_STEP][PASSED] - Statement - (step++): null

2018-03-06 09:44:16 - [TEST_STEP][PASSED] - Statement - (iconcount++): null

2018-03-06 09:44:16 - [TEST_STEP][PASSED] - cupakeysDl.iconres.iconresize: cupakeysDl.iconres.iconresize is PASSED

2018-03-06 09:44:16 - [MESSAGE][PASSED] - Object 'Object Repository/CuPaDl/Icons/Reposition_icon' is visible

2018-03-06 09:44:16 - [MESSAGE][PASSED] - Current viewport's left (x) position is 0

2018-03-06 09:44:16 - [MESSAGE][PASSED] - Current viewport's top (y) position is 54

2018-03-06 09:44:16 - [MESSAGE][PASSED] - Dragged object with id 'Object Repository/CuPaDl/Icons/Resize_icon_bottomright' by offset distance x = 125 and y = 179 successfully

2018-03-06 09:44:17 - [MESSAGE][PASSED] - Object 'Object Repository/CuPaDl/Loading_indicator' is visible

2018-03-06 09:44:20 - [MESSAGE][PASSED] - Object 'Object Repository/CuPaDl/Loading_indicator' is NOT visible

2018-03-06 09:44:21 - [MESSAGE][PASSED] - Delayed 1 second(s)

2018-03-06 09:44:21 - [MESSAGE][PASSED] - cupakeysDl.iconres.iconresize is PASSED

2018-03-06 09:44:21 - [TEST_STEP][PASSED] - Statement - (step++): null

2018-03-06 09:44:21 - [TEST_STEP][PASSED] - cupakeysDl.slink.svlink: cupakeysDl.slink.svlink is PASSED

2018-03-06 09:44:21 - [MESSAGE][PASSED] - Scroll to object 'Object Repository/CuPaDl/Save/Save' successfully

2018-03-06 09:44:21 - [MESSAGE][PASSED] - Object: 'Object Repository/CuPaDl/Save/Save' is clicked on

2018-03-06 09:44:21 - [MESSAGE][WARNING] - Timeout '0' is invalid. Using default page load timeout: '30'

2018-03-06 09:44:23 - [MESSAGE][PASSED] - Object 'Object Repository/CuPaDl/Save/CopyLink' is visible

2018-03-06 09:44:23 - [MESSAGE][PASSED] - Attribute 'value' of object 'Object Repository/CuPaDl/Save/Link' is: 'https://d16a4dsnr8a0k1.cloudfront.net/en/2455233.html?scupaId=DS1XLnkmX1IvV3o0RURH'

2018-03-06 09:44:23 - [MESSAGE][PASSED] - cupakeysDl.slink.svlink is PASSED

2018-03-06 09:44:23 - [TEST_STEP][PASSED] - cupakeysDl.endsession.finishsession: cupakeysDl.endsession.finishsession is PASSED

2018-03-06 09:44:26 - [MESSAGE][PASSED] - Delayed 3 second(s)

2018-03-06 09:44:26 - [MESSAGE][PASSED] - Browser is closed

2018-03-06 09:44:26 - [MESSAGE][PASSED] - cupakeysDl.endsession.finishsession is PASSED]]></system-out>
         <system-err><![CDATA[]]></system-err>
      </testcase>
      <testcase name="Test Cases/CuPaStefanie/7" classname="Test Cases/CuPaStefanie/7" status="PASSED">
         <system-out><![CDATA[2018-03-06 09:44:26 - [TEST_CASE][PASSED] - Test Cases/CuPaStefanie/7: Test Cases/CuPaStefanie/7

2018-03-06 09:44:26 - [TEST_STEP][PASSED] - Statement - timeStamp = new java.text.SimpleDateFormat(dd.MM.yyyy_HH_mm_ss).format(java.util.Calendar.getInstance().getTime()): null

2018-03-06 09:44:26 - [TEST_STEP][PASSED] - Statement - timeStampScreenshot = new java.text.SimpleDateFormat(dd.MM.yyyy).format(java.util.Calendar.getInstance().getTime()): null

2018-03-06 09:44:26 - [TEST_STEP][PASSED] - Statement - iconmap = [:]: null

2018-03-06 09:44:26 - [TEST_STEP][PASSED] - Statement - txtmap = [:]: null

2018-03-06 09:44:26 - [TEST_STEP][PASSED] - Statement - signmap = [:]: null

2018-03-06 09:44:26 - [TEST_STEP][PASSED] - cupakeysDl.initStart.initialStart: cupakeysDl.initStart.initialStart is PASSED

2018-03-06 09:44:28 - [MESSAGE][PASSED] - Browser is opened with url: ''

2018-03-06 09:44:31 - [MESSAGE][PASSED] - Delayed 3 second(s)

2018-03-06 09:44:33 - [MESSAGE][PASSED] - Navigate to 'https://d16a4dsnr8a0k1.cloudfront.net/en/2455233.html?price=150.00%20%E2%82%AC&partName=wilsonPartName&vin=wilsonVin&modelCode=XP11&paint=P0A94&modelDescription=wilsonModelDescription&additionalEquipment=wilsonAdditionalEquipment' successfully

2018-03-06 09:44:33 - [MESSAGE][PASSED] - Object 'Object Repository/CuPaDl/Loading_indicator' is visible

2018-03-06 09:44:40 - [MESSAGE][PASSED] - Object 'Object Repository/CuPaDl/Loading_indicator' is NOT visible

2018-03-06 09:44:41 - [MESSAGE][PASSED] - Delayed 1 second(s)

2018-03-06 09:44:41 - [MESSAGE][PASSED] - cupakeysDl.initStart.initialStart is PASSED

2018-03-06 09:44:41 - [TEST_STEP][PASSED] - Statement - (step++): null

2018-03-06 09:44:41 - [TEST_STEP][PASSED] - cupakeysDl.color.changecolor: cupakeysDl.color.changecolor is PASSED

2018-03-06 09:44:41 - [MESSAGE][PASSED] - Object 'Object Repository/CuPaDl/Color/Color' is visible

2018-03-06 09:44:42 - [MESSAGE][PASSED] - Object: 'Object Repository/CuPaDl/Color/Color' is clicked on

2018-03-06 09:44:43 - [MESSAGE][PASSED] - Delayed 1 second(s)

2018-03-06 09:44:43 - [MESSAGE][PASSED] - Object 'Object Repository/CuPaDl/Color/Color_electricblue' is visible

2018-03-06 09:44:43 - [MESSAGE][PASSED] - Object: 'Object Repository/CuPaDl/Color/Color_electricblue' is clicked on

2018-03-06 09:44:43 - [MESSAGE][WARNING] - Timeout '0' is invalid. Using default page load timeout: '30'

2018-03-06 09:44:43 - [MESSAGE][PASSED] - Object 'Object Repository/CuPaDl/Color/Color_electricblue' is visible

2018-03-06 09:44:44 - [MESSAGE][PASSED] - Delayed 1 second(s)

2018-03-06 09:44:44 - [MESSAGE][PASSED] - Object: 'Object Repository/CuPaDl/Color/Color_electricblue' is clicked on

2018-03-06 09:44:44 - [MESSAGE][PASSED] - Object 'Object Repository/CuPaDl/Loading_indicator' is visible

2018-03-06 09:44:46 - [MESSAGE][PASSED] - Object 'Object Repository/CuPaDl/Loading_indicator' is NOT visible

2018-03-06 09:44:47 - [MESSAGE][PASSED] - Delayed 1 second(s)

2018-03-06 09:44:47 - [MESSAGE][PASSED] - cupakeysDl.color.changecolor is PASSED

2018-03-06 09:44:47 - [TEST_STEP][PASSED] - Statement - (step++): null

2018-03-06 09:44:47 - [TEST_STEP][PASSED] - cupakeysDl.chngstruct.changestructure: cupakeysDl.chngstruct.changestructure is PASSED

2018-03-06 09:44:47 - [MESSAGE][PASSED] - Object: 'Object Repository/CuPaDl/Structure/Structure' is clicked on

2018-03-06 09:44:47 - [MESSAGE][WARNING] - Timeout '0' is invalid. Using default page load timeout: '30'

2018-03-06 09:44:47 - [MESSAGE][PASSED] - Object 'Object Repository/CuPaDl/Structure/Structure_Hahnentritt' is visible

2018-03-06 09:44:47 - [MESSAGE][PASSED] - Object 'Object Repository/CuPaDl/Structure/Structure_quadrops' is visible

2018-03-06 09:44:47 - [MESSAGE][PASSED] - Object: 'Object Repository/CuPaDl/Structure/Structure_quadrops' is clicked on

2018-03-06 09:44:48 - [MESSAGE][PASSED] - Object 'Object Repository/CuPaDl/Loading_indicator' is visible

2018-03-06 09:44:57 - [MESSAGE][PASSED] - Object 'Object Repository/CuPaDl/Loading_indicator' is NOT visible

2018-03-06 09:44:58 - [MESSAGE][PASSED] - Delayed 1 second(s)

2018-03-06 09:44:58 - [MESSAGE][PASSED] - cupakeysDl.chngstruct.changestructure is PASSED

2018-03-06 09:44:58 - [TEST_STEP][PASSED] - Statement - (step++): null

2018-03-06 09:44:58 - [TEST_STEP][PASSED] - cupakeysDl.sclstruct.scalestructure: cupakeysDl.sclstruct.scalestructure is PASSED

2018-03-06 09:45:01 - [MESSAGE][WARNING] - Object 'Object Repository/CuPaDl/Structure/Resize_Structure_bottomright' is not visible after 3 second(s)

2018-03-06 09:45:01 - [MESSAGE][PASSED] - Object: 'Object Repository/CuPaDl/Structure/Resize_Structure' is clicked on

2018-03-06 09:45:01 - [MESSAGE][WARNING] - Timeout '0' is invalid. Using default page load timeout: '30'

2018-03-06 09:45:01 - [MESSAGE][PASSED] - Object 'Object Repository/CuPaDl/Structure/Resize_Structure_bottomright' is visible

2018-03-06 09:45:02 - [MESSAGE][PASSED] - Delayed 1 second(s)

2018-03-06 09:45:02 - [MESSAGE][PASSED] - Current viewport's left (x) position is 0

2018-03-06 09:45:02 - [MESSAGE][PASSED] - Current viewport's top (y) position is 54

2018-03-06 09:45:02 - [MESSAGE][PASSED] - Dragged object with id 'Object Repository/CuPaDl/Structure/Resize_Structure_bottomright' by offset distance x = -225 and y = -171 successfully

2018-03-06 09:45:03 - [MESSAGE][PASSED] - Object 'Object Repository/CuPaDl/Loading_indicator' is visible

2018-03-06 09:45:24 - [MESSAGE][PASSED] - Object 'Object Repository/CuPaDl/Loading_indicator' is NOT visible

2018-03-06 09:45:25 - [MESSAGE][PASSED] - Delayed 1 second(s)

2018-03-06 09:45:25 - [MESSAGE][PASSED] - cupakeysDl.sclstruct.scalestructure is PASSED

2018-03-06 09:45:25 - [TEST_STEP][PASSED] - Statement - (step++): null

2018-03-06 09:45:25 - [TEST_STEP][PASSED] - Statement - iconmap += CustomKeywords.cupakeysDl.iconad.iconadd("pin", LoadTimeCorrector, step, run, device, timeStamp, iconcount): cupakeysDl.iconad.iconadd is PASSED

2018-03-06 09:45:25 - [MESSAGE][PASSED] - Object: 'Object Repository/CuPaDl/Icons/Icon' is clicked on

2018-03-06 09:45:25 - [MESSAGE][PASSED] - Object 'Object Repository/CuPaDl/Icons/Icon_pin' is visible

2018-03-06 09:45:25 - [MESSAGE][PASSED] - Object: 'Object Repository/CuPaDl/Icons/Icon_pin' is clicked on

2018-03-06 09:45:26 - [MESSAGE][PASSED] - Delayed 1 second(s)

2018-03-06 09:45:26 - [MESSAGE][PASSED] - Object 'Object Repository/CuPaDl/Loading_indicator' is visible

2018-03-06 09:45:47 - [MESSAGE][PASSED] - Object 'Object Repository/CuPaDl/Loading_indicator' is NOT visible

2018-03-06 09:45:47 - [MESSAGE][WARNING] - Timeout '0' is invalid. Using default page load timeout: '30'

2018-03-06 09:45:47 - [MESSAGE][PASSED] - Width of element 'Object Repository/CuPaDl/Icons/Reposition_icon' is '40'

2018-03-06 09:45:47 - [MESSAGE][PASSED] - Height of element 'Object Repository/CuPaDl/Icons/Reposition_icon' is '40'.

2018-03-06 09:45:48 - [MESSAGE][PASSED] - Delayed 1 second(s)

2018-03-06 09:45:48 - [MESSAGE][PASSED] - cupakeysDl.iconad.iconadd is PASSED

2018-03-06 09:45:48 - [TEST_STEP][PASSED] - Statement - (step++): null

2018-03-06 09:45:48 - [TEST_STEP][PASSED] - Statement - (iconcount++): null

2018-03-06 09:45:48 - [TEST_STEP][PASSED] - cupakeysDl.iconres.iconresize: cupakeysDl.iconres.iconresize is PASSED

2018-03-06 09:45:48 - [MESSAGE][PASSED] - Object 'Object Repository/CuPaDl/Icons/Reposition_icon' is visible

2018-03-06 09:45:48 - [MESSAGE][PASSED] - Current viewport's left (x) position is 0

2018-03-06 09:45:48 - [MESSAGE][PASSED] - Current viewport's top (y) position is 54

2018-03-06 09:45:48 - [MESSAGE][PASSED] - Dragged object with id 'Object Repository/CuPaDl/Icons/Resize_icon_bottomright' by offset distance x = -125 and y = -71 successfully

2018-03-06 09:45:49 - [MESSAGE][PASSED] - Object 'Object Repository/CuPaDl/Loading_indicator' is visible

2018-03-06 09:46:09 - [MESSAGE][PASSED] - Object 'Object Repository/CuPaDl/Loading_indicator' is NOT visible

2018-03-06 09:46:10 - [MESSAGE][PASSED] - Delayed 1 second(s)

2018-03-06 09:46:10 - [MESSAGE][PASSED] - cupakeysDl.iconres.iconresize is PASSED

2018-03-06 09:46:10 - [TEST_STEP][PASSED] - Statement - (step++): null

2018-03-06 09:46:10 - [TEST_STEP][PASSED] - cupakeysDl.slink.svlink: cupakeysDl.slink.svlink is PASSED

2018-03-06 09:46:10 - [MESSAGE][PASSED] - Scroll to object 'Object Repository/CuPaDl/Save/Save' successfully

2018-03-06 09:46:10 - [MESSAGE][PASSED] - Object: 'Object Repository/CuPaDl/Save/Save' is clicked on

2018-03-06 09:46:10 - [MESSAGE][WARNING] - Timeout '0' is invalid. Using default page load timeout: '30'

2018-03-06 09:46:12 - [MESSAGE][PASSED] - Object 'Object Repository/CuPaDl/Save/CopyLink' is visible

2018-03-06 09:46:12 - [MESSAGE][PASSED] - Attribute 'value' of object 'Object Repository/CuPaDl/Save/Link' is: 'https://d16a4dsnr8a0k1.cloudfront.net/en/2455233.html?scupaId=D1wkUnc1WF0qLno0RURB'

2018-03-06 09:46:12 - [MESSAGE][PASSED] - cupakeysDl.slink.svlink is PASSED

2018-03-06 09:46:12 - [TEST_STEP][PASSED] - cupakeysDl.endsession.finishsession: cupakeysDl.endsession.finishsession is PASSED

2018-03-06 09:46:15 - [MESSAGE][PASSED] - Delayed 3 second(s)

2018-03-06 09:46:16 - [MESSAGE][PASSED] - Browser is closed

2018-03-06 09:46:16 - [MESSAGE][PASSED] - cupakeysDl.endsession.finishsession is PASSED]]></system-out>
         <system-err><![CDATA[]]></system-err>
      </testcase>
      <testcase name="Test Cases/CuPaStefanie/8" classname="Test Cases/CuPaStefanie/8" status="PASSED">
         <system-out><![CDATA[2018-03-06 09:46:16 - [TEST_CASE][PASSED] - Test Cases/CuPaStefanie/8: Test Cases/CuPaStefanie/8

2018-03-06 09:46:16 - [TEST_STEP][PASSED] - Statement - timeStamp = new java.text.SimpleDateFormat(dd.MM.yyyy_HH_mm_ss).format(java.util.Calendar.getInstance().getTime()): null

2018-03-06 09:46:16 - [TEST_STEP][PASSED] - Statement - timeStampScreenshot = new java.text.SimpleDateFormat(dd.MM.yyyy).format(java.util.Calendar.getInstance().getTime()): null

2018-03-06 09:46:16 - [TEST_STEP][PASSED] - Statement - iconmap = [:]: null

2018-03-06 09:46:16 - [TEST_STEP][PASSED] - Statement - txtmap = [:]: null

2018-03-06 09:46:16 - [TEST_STEP][PASSED] - Statement - signmap = [:]: null

2018-03-06 09:46:16 - [TEST_STEP][PASSED] - cupakeysDl.initStart.initialStart: cupakeysDl.initStart.initialStart is PASSED

2018-03-06 09:46:18 - [MESSAGE][PASSED] - Browser is opened with url: ''

2018-03-06 09:46:21 - [MESSAGE][PASSED] - Delayed 3 second(s)

2018-03-06 09:46:22 - [MESSAGE][PASSED] - Navigate to 'https://d16a4dsnr8a0k1.cloudfront.net/en/2455233.html?price=150.00%20%E2%82%AC&partName=wilsonPartName&vin=wilsonVin&modelCode=XP11&paint=P0A94&modelDescription=wilsonModelDescription&additionalEquipment=wilsonAdditionalEquipment' successfully

2018-03-06 09:46:22 - [MESSAGE][PASSED] - Object 'Object Repository/CuPaDl/Loading_indicator' is visible

2018-03-06 09:46:30 - [MESSAGE][PASSED] - Object 'Object Repository/CuPaDl/Loading_indicator' is NOT visible

2018-03-06 09:46:31 - [MESSAGE][PASSED] - Delayed 1 second(s)

2018-03-06 09:46:31 - [MESSAGE][PASSED] - cupakeysDl.initStart.initialStart is PASSED

2018-03-06 09:46:31 - [TEST_STEP][PASSED] - Statement - (step++): null

2018-03-06 09:46:31 - [TEST_STEP][PASSED] - cupakeysDl.color.changecolor: cupakeysDl.color.changecolor is PASSED

2018-03-06 09:46:31 - [MESSAGE][PASSED] - Object 'Object Repository/CuPaDl/Color/Color' is visible

2018-03-06 09:46:31 - [MESSAGE][PASSED] - Object: 'Object Repository/CuPaDl/Color/Color' is clicked on

2018-03-06 09:46:32 - [MESSAGE][PASSED] - Delayed 1 second(s)

2018-03-06 09:46:32 - [MESSAGE][PASSED] - Object 'Object Repository/CuPaDl/Color/Color_electricblue' is visible

2018-03-06 09:46:32 - [MESSAGE][PASSED] - Object: 'Object Repository/CuPaDl/Color/Color_electricblue' is clicked on

2018-03-06 09:46:32 - [MESSAGE][WARNING] - Timeout '0' is invalid. Using default page load timeout: '30'

2018-03-06 09:46:32 - [MESSAGE][PASSED] - Object 'Object Repository/CuPaDl/Color/Color_electricblue' is visible

2018-03-06 09:46:33 - [MESSAGE][PASSED] - Delayed 1 second(s)

2018-03-06 09:46:33 - [MESSAGE][PASSED] - Object: 'Object Repository/CuPaDl/Color/Color_electricblue' is clicked on

2018-03-06 09:46:34 - [MESSAGE][PASSED] - Object 'Object Repository/CuPaDl/Loading_indicator' is visible

2018-03-06 09:46:36 - [MESSAGE][PASSED] - Object 'Object Repository/CuPaDl/Loading_indicator' is NOT visible

2018-03-06 09:46:37 - [MESSAGE][PASSED] - Delayed 1 second(s)

2018-03-06 09:46:37 - [MESSAGE][PASSED] - cupakeysDl.color.changecolor is PASSED

2018-03-06 09:46:37 - [TEST_STEP][PASSED] - Statement - (step++): null

2018-03-06 09:46:37 - [TEST_STEP][PASSED] - cupakeysDl.chngstruct.changestructure: cupakeysDl.chngstruct.changestructure is PASSED

2018-03-06 09:46:37 - [MESSAGE][PASSED] - Object: 'Object Repository/CuPaDl/Structure/Structure' is clicked on

2018-03-06 09:46:37 - [MESSAGE][WARNING] - Timeout '0' is invalid. Using default page load timeout: '30'

2018-03-06 09:46:37 - [MESSAGE][PASSED] - Object 'Object Repository/CuPaDl/Structure/Structure_Hahnentritt' is visible

2018-03-06 09:46:37 - [MESSAGE][PASSED] - Object 'Object Repository/CuPaDl/Structure/Structure_quadrops' is visible

2018-03-06 09:46:37 - [MESSAGE][PASSED] - Object: 'Object Repository/CuPaDl/Structure/Structure_quadrops' is clicked on

2018-03-06 09:46:38 - [MESSAGE][PASSED] - Object 'Object Repository/CuPaDl/Loading_indicator' is visible

2018-03-06 09:46:47 - [MESSAGE][PASSED] - Object 'Object Repository/CuPaDl/Loading_indicator' is NOT visible

2018-03-06 09:46:48 - [MESSAGE][PASSED] - Delayed 1 second(s)

2018-03-06 09:46:48 - [MESSAGE][PASSED] - cupakeysDl.chngstruct.changestructure is PASSED

2018-03-06 09:46:48 - [TEST_STEP][PASSED] - Statement - (step++): null

2018-03-06 09:46:48 - [TEST_STEP][PASSED] - cupakeysDl.sclstruct.scalestructure: cupakeysDl.sclstruct.scalestructure is PASSED

2018-03-06 09:46:51 - [MESSAGE][WARNING] - Object 'Object Repository/CuPaDl/Structure/Resize_Structure_bottomright' is not visible after 3 second(s)

2018-03-06 09:46:51 - [MESSAGE][PASSED] - Object: 'Object Repository/CuPaDl/Structure/Resize_Structure' is clicked on

2018-03-06 09:46:51 - [MESSAGE][WARNING] - Timeout '0' is invalid. Using default page load timeout: '30'

2018-03-06 09:46:51 - [MESSAGE][PASSED] - Object 'Object Repository/CuPaDl/Structure/Resize_Structure_bottomright' is visible

2018-03-06 09:46:52 - [MESSAGE][PASSED] - Delayed 1 second(s)

2018-03-06 09:46:52 - [MESSAGE][PASSED] - Current viewport's left (x) position is 0

2018-03-06 09:46:52 - [MESSAGE][PASSED] - Current viewport's top (y) position is 54

2018-03-06 09:46:52 - [MESSAGE][PASSED] - Dragged object with id 'Object Repository/CuPaDl/Structure/Resize_Structure_bottomright' by offset distance x = 225 and y = 279 successfully

2018-03-06 09:46:53 - [MESSAGE][PASSED] - Object 'Object Repository/CuPaDl/Loading_indicator' is visible

2018-03-06 09:46:59 - [MESSAGE][PASSED] - Object 'Object Repository/CuPaDl/Loading_indicator' is NOT visible

2018-03-06 09:47:00 - [MESSAGE][PASSED] - Delayed 1 second(s)

2018-03-06 09:47:00 - [MESSAGE][PASSED] - cupakeysDl.sclstruct.scalestructure is PASSED

2018-03-06 09:47:00 - [TEST_STEP][PASSED] - Statement - (step++): null

2018-03-06 09:47:00 - [TEST_STEP][PASSED] - Statement - iconmap += CustomKeywords.cupakeysDl.iconad.iconadd("pin", LoadTimeCorrector, step, run, device, timeStamp, iconcount): cupakeysDl.iconad.iconadd is PASSED

2018-03-06 09:47:00 - [MESSAGE][PASSED] - Object: 'Object Repository/CuPaDl/Icons/Icon' is clicked on

2018-03-06 09:47:00 - [MESSAGE][PASSED] - Object 'Object Repository/CuPaDl/Icons/Icon_pin' is visible

2018-03-06 09:47:01 - [MESSAGE][PASSED] - Object: 'Object Repository/CuPaDl/Icons/Icon_pin' is clicked on

2018-03-06 09:47:02 - [MESSAGE][PASSED] - Delayed 1 second(s)

2018-03-06 09:47:02 - [MESSAGE][PASSED] - Object 'Object Repository/CuPaDl/Loading_indicator' is visible

2018-03-06 09:47:10 - [MESSAGE][PASSED] - Object 'Object Repository/CuPaDl/Loading_indicator' is NOT visible

2018-03-06 09:47:10 - [MESSAGE][WARNING] - Timeout '0' is invalid. Using default page load timeout: '30'

2018-03-06 09:47:10 - [MESSAGE][PASSED] - Width of element 'Object Repository/CuPaDl/Icons/Reposition_icon' is '40'

2018-03-06 09:47:10 - [MESSAGE][PASSED] - Height of element 'Object Repository/CuPaDl/Icons/Reposition_icon' is '40'.

2018-03-06 09:47:11 - [MESSAGE][PASSED] - Delayed 1 second(s)

2018-03-06 09:47:11 - [MESSAGE][PASSED] - cupakeysDl.iconad.iconadd is PASSED

2018-03-06 09:47:11 - [TEST_STEP][PASSED] - Statement - (step++): null

2018-03-06 09:47:11 - [TEST_STEP][PASSED] - Statement - (iconcount++): null

2018-03-06 09:47:11 - [TEST_STEP][PASSED] - cupakeysDl.iconres.iconresize: cupakeysDl.iconres.iconresize is PASSED

2018-03-06 09:47:11 - [MESSAGE][PASSED] - Object 'Object Repository/CuPaDl/Icons/Reposition_icon' is visible

2018-03-06 09:47:11 - [MESSAGE][PASSED] - Current viewport's left (x) position is 0

2018-03-06 09:47:11 - [MESSAGE][PASSED] - Current viewport's top (y) position is 54

2018-03-06 09:47:11 - [MESSAGE][PASSED] - Dragged object with id 'Object Repository/CuPaDl/Icons/Resize_icon_bottomright' by offset distance x = 125 and y = 179 successfully

2018-03-06 09:47:13 - [MESSAGE][PASSED] - Object 'Object Repository/CuPaDl/Loading_indicator' is visible

2018-03-06 09:47:21 - [MESSAGE][PASSED] - Object 'Object Repository/CuPaDl/Loading_indicator' is NOT visible

2018-03-06 09:47:22 - [MESSAGE][PASSED] - Delayed 1 second(s)

2018-03-06 09:47:22 - [MESSAGE][PASSED] - cupakeysDl.iconres.iconresize is PASSED

2018-03-06 09:47:22 - [TEST_STEP][PASSED] - Statement - (step++): null

2018-03-06 09:47:22 - [TEST_STEP][PASSED] - cupakeysDl.slink.svlink: cupakeysDl.slink.svlink is PASSED

2018-03-06 09:47:23 - [MESSAGE][PASSED] - Scroll to object 'Object Repository/CuPaDl/Save/Save' successfully

2018-03-06 09:47:23 - [MESSAGE][PASSED] - Object: 'Object Repository/CuPaDl/Save/Save' is clicked on

2018-03-06 09:47:23 - [MESSAGE][WARNING] - Timeout '0' is invalid. Using default page load timeout: '30'

2018-03-06 09:47:24 - [MESSAGE][PASSED] - Object 'Object Repository/CuPaDl/Save/CopyLink' is visible

2018-03-06 09:47:24 - [MESSAGE][PASSED] - Attribute 'value' of object 'Object Repository/CuPaDl/Save/Link' is: 'https://d16a4dsnr8a0k1.cloudfront.net/en/2455233.html?scupaId=HTM5K2hYWCJWLHo0RURB'

2018-03-06 09:47:24 - [MESSAGE][PASSED] - cupakeysDl.slink.svlink is PASSED

2018-03-06 09:47:24 - [TEST_STEP][PASSED] - cupakeysDl.endsession.finishsession: cupakeysDl.endsession.finishsession is PASSED

2018-03-06 09:47:27 - [MESSAGE][PASSED] - Delayed 3 second(s)

2018-03-06 09:47:28 - [MESSAGE][PASSED] - Browser is closed

2018-03-06 09:47:28 - [MESSAGE][PASSED] - cupakeysDl.endsession.finishsession is PASSED]]></system-out>
         <system-err><![CDATA[]]></system-err>
      </testcase>
      <testcase name="Test Cases/CuPaStefanie/9" classname="Test Cases/CuPaStefanie/9" status="PASSED">
[...]

2018-03-06 10:16:54 - [MESSAGE][PASSED] - Object: 'Object Repository/CuPaDl/Color/Color_lapisblue' is clicked on

2018-03-06 10:16:54 - [MESSAGE][PASSED] - Object 'Object Repository/CuPaDl/Loading_indicator' is visible

2018-03-06 10:16:56 - [MESSAGE][PASSED] - Object 'Object Repository/CuPaDl/Loading_indicator' is NOT visible

2018-03-06 10:16:57 - [MESSAGE][PASSED] - Delayed 1 second(s)

2018-03-06 10:16:57 - [MESSAGE][PASSED] - cupakeysDl.color.changecolor is PASSED

2018-03-06 10:16:57 - [TEST_STEP][PASSED] - Statement - (step++): null

2018-03-06 10:16:57 - [TEST_STEP][PASSED] - Statement - iconmap += CustomKeywords.cupakeysDl.iconad.iconadd("simplecompass", LoadTimeCorrector, step, run, device, timeStamp, iconcount): cupakeysDl.iconad.iconadd is PASSED

2018-03-06 10:16:57 - [MESSAGE][PASSED] - Object: 'Object Repository/CuPaDl/Icons/Icon' is clicked on

2018-03-06 10:16:59 - [MESSAGE][WARNING] - Object 'Object Repository/CuPaDl/Icons/Icon_simplecompass' is not visible after 2 second(s)

2018-03-06 10:16:59 - [MESSAGE][PASSED] - Object: 'Object Repository/CuPaDl/MenuScroll/ObjectsScrollRight' is clicked on

2018-03-06 10:17:01 - [MESSAGE][PASSED] - Delayed 2 second(s)

2018-03-06 10:17:01 - [MESSAGE][PASSED] - Object 'Object Repository/CuPaDl/Icons/Icon_simplecompass' is visible

2018-03-06 10:17:01 - [MESSAGE][PASSED] - Object: 'Object Repository/CuPaDl/Icons/Icon_simplecompass' is clicked on

2018-03-06 10:17:02 - [MESSAGE][PASSED] - Delayed 1 second(s)

2018-03-06 10:17:06 - [MESSAGE][WARNING] - Object 'Object Repository/CuPaDl/Loading_indicator' is not visible after 3 second(s)

2018-03-06 10:17:06 - [MESSAGE][WARNING] - Timeout '0' is invalid. Using default page load timeout: '30'

2018-03-06 10:17:06 - [MESSAGE][PASSED] - Width of element 'Object Repository/CuPaDl/Icons/Reposition_icon' is '40'

2018-03-06 10:17:06 - [MESSAGE][PASSED] - Height of element 'Object Repository/CuPaDl/Icons/Reposition_icon' is '40'.

2018-03-06 10:17:07 - [MESSAGE][PASSED] - Delayed 1 second(s)

2018-03-06 10:17:07 - [MESSAGE][PASSED] - cupakeysDl.iconad.iconadd is PASSED

2018-03-06 10:17:07 - [TEST_STEP][PASSED] - Statement - (step++): null

2018-03-06 10:17:07 - [TEST_STEP][PASSED] - Statement - (iconcount++): null

2018-03-06 10:17:07 - [TEST_STEP][PASSED] - cupakeysDl.iconres.iconresize: cupakeysDl.iconres.iconresize is PASSED

2018-03-06 10:17:07 - [MESSAGE][PASSED] - Object 'Object Repository/CuPaDl/Icons/Reposition_icon' is visible

2018-03-06 10:17:07 - [MESSAGE][PASSED] - Current viewport's left (x) position is 0

2018-03-06 10:17:07 - [MESSAGE][PASSED] - Current viewport's top (y) position is 54

2018-03-06 10:17:07 - [MESSAGE][PASSED] - Dragged object with id 'Object Repository/CuPaDl/Icons/Resize_icon_bottomright' by offset distance x = 125 and y = 179 successfully

2018-03-06 10:17:08 - [MESSAGE][PASSED] - Object 'Object Repository/CuPaDl/Loading_indicator' is visible

2018-03-06 10:17:09 - [MESSAGE][PASSED] - Object 'Object Repository/CuPaDl/Loading_indicator' is NOT visible

2018-03-06 10:17:10 - [MESSAGE][PASSED] - Delayed 1 second(s)

2018-03-06 10:17:10 - [MESSAGE][PASSED] - cupakeysDl.iconres.iconresize is PASSED

2018-03-06 10:17:10 - [TEST_STEP][PASSED] - Statement - (step++): null

2018-03-06 10:17:10 - [TEST_STEP][PASSED] - cupakeysDl.slink.svlink: cupakeysDl.slink.svlink is PASSED

2018-03-06 10:17:10 - [MESSAGE][PASSED] - Scroll to object 'Object Repository/CuPaDl/Save/Save' successfully

2018-03-06 10:17:10 - [MESSAGE][PASSED] - Object: 'Object Repository/CuPaDl/Save/Save' is clicked on

2018-03-06 10:17:10 - [MESSAGE][WARNING] - Timeout '0' is invalid. Using default page load timeout: '30'

2018-03-06 10:17:12 - [MESSAGE][PASSED] - Object 'Object Repository/CuPaDl/Save/CopyLink' is visible

2018-03-06 10:17:12 - [MESSAGE][PASSED] - Attribute 'value' of object 'Object Repository/CuPaDl/Save/Link' is: 'https://d16a4dsnr8a0k1.cloudfront.net/en/2455233.html?scupaId=Aj1bKXY5MV1WLno0RURC'

2018-03-06 10:17:12 - [MESSAGE][PASSED] - cupakeysDl.slink.svlink is PASSED

2018-03-06 10:17:12 - [TEST_STEP][PASSED] - cupakeysDl.endsession.finishsession: cupakeysDl.endsession.finishsession is PASSED

2018-03-06 10:17:15 - [MESSAGE][PASSED] - Delayed 3 second(s)

2018-03-06 10:17:16 - [MESSAGE][PASSED] - Browser is closed

2018-03-06 10:17:16 - [MESSAGE][PASSED] - cupakeysDl.endsession.finishsession is PASSED]]></system-out>
         <system-err><![CDATA[]]></system-err>
      </testcase>
      <testcase name="Test Cases/CuPaStefanie/41" classname="Test Cases/CuPaStefanie/41" status="PASSED">
         <system-out><![CDATA[2018-03-06 10:17:16 - [TEST_CASE][PASSED] - Test Cases/CuPaStefanie/41: Test Cases/CuPaStefanie/41

2018-03-06 10:17:16 - [TEST_STEP][PASSED] - Statement - timeStamp = new java.text.SimpleDateFormat(dd.MM.yyyy).format(java.util.Calendar.getInstance().getTime()): null

2018-03-06 10:17:16 - [TEST_STEP][PASSED] - Statement - timeStampScreenshot = new java.text.SimpleDateFormat(dd.MM.yyyy).format(java.util.Calendar.getInstance().getTime()): null

2018-03-06 10:17:16 - [TEST_STEP][PASSED] - Statement - iconmap = [:]: null

2018-03-06 10:17:16 - [TEST_STEP][PASSED] - Statement - txtmap = [:]: null

2018-03-06 10:17:16 - [TEST_STEP][PASSED] - Statement - signmap = [:]: null

2018-03-06 10:17:16 - [TEST_STEP][PASSED] - cupakeysDl.initStart.initialStart: cupakeysDl.initStart.initialStart is PASSED

2018-03-06 10:17:18 - [MESSAGE][PASSED] - Browser is opened with url: ''

2018-03-06 10:17:21 - [MESSAGE][PASSED] - Delayed 3 second(s)

2018-03-06 10:17:22 - [MESSAGE][PASSED] - Navigate to 'https://d16a4dsnr8a0k1.cloudfront.net/en/2455233.html?price=150.00%20%E2%82%AC&partName=wilsonPartName&vin=wilsonVin&modelCode=XP11&paint=P0A94&modelDescription=wilsonModelDescription&additionalEquipment=wilsonAdditionalEquipment' successfully

2018-03-06 10:17:22 - [MESSAGE][PASSED] - Object 'Object Repository/CuPaDl/Loading_indicator' is visible

2018-03-06 10:17:30 - [MESSAGE][PASSED] - Object 'Object Repository/CuPaDl/Loading_indicator' is NOT visible

2018-03-06 10:17:31 - [MESSAGE][PASSED] - Delayed 1 second(s)

2018-03-06 10:17:31 - [MESSAGE][PASSED] - cupakeysDl.initStart.initialStart is PASSED

2018-03-06 10:17:31 - [TEST_STEP][PASSED] - Statement - (step++): null

2018-03-06 10:17:31 - [TEST_STEP][PASSED] - cupakeysDl.color.changecolor: cupakeysDl.color.changecolor is PASSED

2018-03-06 10:17:31 - [MESSAGE][PASSED] - Object 'Object Repository/CuPaDl/Color/Color' is visible

2018-03-06 10:17:31 - [MESSAGE][PASSED] - Object: 'Object Repository/CuPaDl/Color/Color' is clicked on

2018-03-06 10:17:32 - [MESSAGE][PASSED] - Delayed 1 second(s)

2018-03-06 10:17:32 - [MESSAGE][PASSED] - Object 'Object Repository/CuPaDl/Color/Color_rebelgreen' is visible

2018-03-06 10:17:32 - [MESSAGE][PASSED] - Object: 'Object Repository/CuPaDl/Color/Color_rebelgreen' is clicked on

2018-03-06 10:17:32 - [MESSAGE][WARNING] - Timeout '0' is invalid. Using default page load timeout: '30'

2018-03-06 10:17:32 - [MESSAGE][PASSED] - Object 'Object Repository/CuPaDl/Color/Color_rebelgreen' is visible

2018-03-06 10:17:33 - [MESSAGE][PASSED] - Delayed 1 second(s)

2018-03-06 10:17:33 - [MESSAGE][PASSED] - Object: 'Object Repository/CuPaDl/Color/Color_rebelgreen' is clicked on

2018-03-06 10:17:33 - [MESSAGE][PASSED] - Object 'Object Repository/CuPaDl/Loading_indicator' is visible

2018-03-06 10:17:36 - [MESSAGE][PASSED] - Object 'Object Repository/CuPaDl/Loading_indicator' is NOT visible

2018-03-06 10:17:37 - [MESSAGE][PASSED] - Delayed 1 second(s)

2018-03-06 10:17:37 - [MESSAGE][PASSED] - cupakeysDl.color.changecolor is PASSED

2018-03-06 10:17:37 - [TEST_STEP][PASSED] - Statement - (step++): null

2018-03-06 10:17:37 - [TEST_STEP][PASSED] - Statement - iconmap += CustomKeywords.cupakeysDl.iconad.iconadd("worldmap", LoadTimeCorrector, step, run, device, timeStamp, iconcount): cupakeysDl.iconad.iconadd is PASSED

2018-03-06 10:17:37 - [MESSAGE][PASSED] - Object: 'Object Repository/CuPaDl/Icons/Icon' is clicked on

2018-03-06 10:17:39 - [MESSAGE][WARNING] - Object 'Object Repository/CuPaDl/Icons/Icon_worldmap' is not visible after 2 second(s)

2018-03-06 10:17:39 - [MESSAGE][PASSED] - Object: 'Object Repository/CuPaDl/MenuScroll/ObjectsScrollRight' is clicked on

2018-03-06 10:17:41 - [MESSAGE][PASSED] - Delayed 2 second(s)

2018-03-06 10:17:42 - [MESSAGE][WARNING] - Object 'Object Repository/CuPaDl/Icons/Icon_worldmap' is not visible after 1 second(s)

2018-03-06 10:17:42 - [MESSAGE][PASSED] - Object: 'Object Repository/CuPaDl/MenuScroll/ObjectsScrollRight' is clicked on

2018-03-06 10:17:44 - [MESSAGE][PASSED] - Delayed 2 second(s)

2018-03-06 10:17:44 - [MESSAGE][PASSED] - Object: 'Object Repository/CuPaDl/Icons/Icon_worldmap' is clicked on

2018-03-06 10:17:45 - [MESSAGE][PASSED] - Delayed 1 second(s)

2018-03-06 10:17:45 - [MESSAGE][PASSED] - Object 'Object Repository/CuPaDl/Loading_indicator' is visible

2018-03-06 10:17:49 - [MESSAGE][PASSED] - Object 'Object Repository/CuPaDl/Loading_indicator' is NOT visible

2018-03-06 10:17:49 - [MESSAGE][WARNING] - Timeout '0' is invalid. Using default page load timeout: '30'

2018-03-06 10:17:49 - [MESSAGE][PASSED] - Width of element 'Object Repository/CuPaDl/Icons/Reposition_icon' is '40'

2018-03-06 10:17:49 - [MESSAGE][PASSED] - Height of element 'Object Repository/CuPaDl/Icons/Reposition_icon' is '40'.

2018-03-06 10:17:50 - [MESSAGE][PASSED] - Delayed 1 second(s)

2018-03-06 10:17:50 - [MESSAGE][PASSED] - cupakeysDl.iconad.iconadd is PASSED

2018-03-06 10:17:50 - [TEST_STEP][PASSED] - Statement - (step++): null

2018-03-06 10:17:50 - [TEST_STEP][PASSED] - Statement - (iconcount++): null

2018-03-06 10:17:50 - [TEST_STEP][PASSED] - cupakeysDl.iconres.iconresize: cupakeysDl.iconres.iconresize is PASSED

2018-03-06 10:17:50 - [MESSAGE][PASSED] - Object 'Object Repository/CuPaDl/Icons/Reposition_icon' is visible

2018-03-06 10:17:50 - [MESSAGE][PASSED] - Current viewport's left (x) position is 0

2018-03-06 10:17:50 - [MESSAGE][PASSED] - Current viewport's top (y) position is 54

2018-03-06 10:17:50 - [MESSAGE][PASSED] - Dragged object with id 'Object Repository/CuPaDl/Icons/Resize_icon_bottomright' by offset distance x = -125 and y = -71 successfully

2018-03-06 10:17:51 - [MESSAGE][PASSED] - Object 'Object Repository/CuPaDl/Loading_indicator' is visible

2018-03-06 10:17:53 - [MESSAGE][PASSED] - Object 'Object Repository/CuPaDl/Loading_indicator' is NOT visible

2018-03-06 10:17:54 - [MESSAGE][PASSED] - Delayed 1 second(s)

2018-03-06 10:17:54 - [MESSAGE][PASSED] - cupakeysDl.iconres.iconresize is PASSED

2018-03-06 10:17:54 - [TEST_STEP][PASSED] - Statement - (step++): null

2018-03-06 10:17:54 - [TEST_STEP][PASSED] - cupakeysDl.slink.svlink: cupakeysDl.slink.svlink is PASSED

2018-03-06 10:17:54 - [MESSAGE][PASSED] - Scroll to object 'Object Repository/CuPaDl/Save/Save' successfully

2018-03-06 10:17:54 - [MESSAGE][PASSED] - Object: 'Object Repository/CuPaDl/Save/Save' is clicked on

2018-03-06 10:17:54 - [MESSAGE][WARNING] - Timeout '0' is invalid. Using default page load timeout: '30'

2018-03-06 10:17:56 - [MESSAGE][PASSED] - Object 'Object Repository/CuPaDl/Save/CopyLink' is visible

2018-03-06 10:17:56 - [MESSAGE][PASSED] - Attribute 'value' of object 'Object Repository/CuPaDl/Save/Link' is: 'https://d16a4dsnr8a0k1.cloudfront.net/en/2455233.html?scupaId=HDE2JhU5KlQ7N3o0RURD'

2018-03-06 10:17:56 - [MESSAGE][PASSED] - cupakeysDl.slink.svlink is PASSED

2018-03-06 10:17:56 - [TEST_STEP][PASSED] - cupakeysDl.endsession.finishsession: cupakeysDl.endsession.finishsession is PASSED

2018-03-06 10:17:59 - [MESSAGE][PASSED] - Delayed 3 second(s)

2018-03-06 10:18:00 - [MESSAGE][PASSED] - Browser is closed

2018-03-06 10:18:00 - [MESSAGE][PASSED] - cupakeysDl.endsession.finishsession is PASSED]]></system-out>
         <system-err><![CDATA[]]></system-err>
      </testcase>
      <testcase name="Test Cases/CuPaStefanie/42" classname="Test Cases/CuPaStefanie/42" status="PASSED">
         <system-out><![CDATA[2018-03-06 10:18:00 - [TEST_CASE][PASSED] - Test Cases/CuPaStefanie/42: Test Cases/CuPaStefanie/42

2018-03-06 10:18:00 - [TEST_STEP][PASSED] - Statement - timeStamp = new java.text.SimpleDateFormat(dd.MM.yyyy).format(java.util.Calendar.getInstance().getTime()): null

2018-03-06 10:18:00 - [TEST_STEP][PASSED] - Statement - timeStampScreenshot = new java.text.SimpleDateFormat(dd.MM.yyyy).format(java.util.Calendar.getInstance().getTime()): null

2018-03-06 10:18:00 - [TEST_STEP][PASSED] - Statement - iconmap = [:]: null

2018-03-06 10:18:00 - [TEST_STEP][PASSED] - Statement - txtmap = [:]: null

2018-03-06 10:18:00 - [TEST_STEP][PASSED] - Statement - signmap = [:]: null

2018-03-06 10:18:00 - [TEST_STEP][PASSED] - cupakeysDl.initStart.initialStart: cupakeysDl.initStart.initialStart is PASSED

2018-03-06 10:18:02 - [MESSAGE][PASSED] - Browser is opened with url: ''

2018-03-06 10:18:05 - [MESSAGE][PASSED] - Delayed 3 second(s)

2018-03-06 10:18:06 - [MESSAGE][PASSED] - Navigate to 'https://d16a4dsnr8a0k1.cloudfront.net/en/2455233.html?price=150.00%20%E2%82%AC&partName=wilsonPartName&vin=wilsonVin&modelCode=XP11&paint=P0A94&modelDescription=wilsonModelDescription&additionalEquipment=wilsonAdditionalEquipment' successfully

2018-03-06 10:18:06 - [MESSAGE][PASSED] - Object 'Object Repository/CuPaDl/Loading_indicator' is visible

2018-03-06 10:18:14 - [MESSAGE][PASSED] - Object 'Object Repository/CuPaDl/Loading_indicator' is NOT visible

2018-03-06 10:18:15 - [MESSAGE][PASSED] - Delayed 1 second(s)

2018-03-06 10:18:15 - [MESSAGE][PASSED] - cupakeysDl.initStart.initialStart is PASSED

2018-03-06 10:18:15 - [TEST_STEP][PASSED] - Statement - (step++): null

2018-03-06 10:18:15 - [TEST_STEP][PASSED] - cupakeysDl.color.changecolor: cupakeysDl.color.changecolor is PASSED

2018-03-06 10:18:15 - [MESSAGE][PASSED] - Object 'Object Repository/CuPaDl/Color/Color' is visible

2018-03-06 10:18:15 - [MESSAGE][PASSED] - Object: 'Object Repository/CuPaDl/Color/Color' is clicked on

2018-03-06 10:18:16 - [MESSAGE][PASSED] - Delayed 1 second(s)

2018-03-06 10:18:16 - [MESSAGE][PASSED] - Object 'Object Repository/CuPaDl/Color/Color_caribeanaqua' is visible

2018-03-06 10:18:16 - [MESSAGE][PASSED] - Object: 'Object Repository/CuPaDl/Color/Color_caribeanaqua' is clicked on

2018-03-06 10:18:16 - [MESSAGE][WARNING] - Timeout '0' is invalid. Using default page load timeout: '30'

2018-03-06 10:18:16 - [MESSAGE][PASSED] - Object 'Object Repository/CuPaDl/Color/Color_caribeanaqua' is visible

2018-03-06 10:18:17 - [MESSAGE][PASSED] - Delayed 1 second(s)

2018-03-06 10:18:17 - [MESSAGE][PASSED] - Object: 'Object Repository/CuPaDl/Color/Color_caribeanaqua' is clicked on

2018-03-06 10:18:17 - [MESSAGE][PASSED] - Object 'Object Repository/CuPaDl/Loading_indicator' is visible

2018-03-06 10:18:19 - [MESSAGE][PASSED] - Object 'Object Repository/CuPaDl/Loading_indicator' is NOT visible

2018-03-06 10:18:20 - [MESSAGE][PASSED] - Delayed 1 second(s)

2018-03-06 10:18:20 - [MESSAGE][PASSED] - cupakeysDl.color.changecolor is PASSED

2018-03-06 10:18:20 - [TEST_STEP][PASSED] - Statement - (step++): null

2018-03-06 10:18:20 - [TEST_STEP][PASSED] - Statement - iconmap += CustomKeywords.cupakeysDl.iconad.iconadd("worldmap", LoadTimeCorrector, step, run, device, timeStamp, iconcount): cupakeysDl.iconad.iconadd is PASSED

2018-03-06 10:18:21 - [MESSAGE][PASSED] - Object: 'Object Repository/CuPaDl/Icons/Icon' is clicked on

2018-03-06 10:18:23 - [MESSAGE][WARNING] - Object 'Object Repository/CuPaDl/Icons/Icon_worldmap' is not visible after 2 second(s)

2018-03-06 10:18:23 - [MESSAGE][PASSED] - Object: 'Object Repository/CuPaDl/MenuScroll/ObjectsScrollRight' is clicked on

2018-03-06 10:18:25 - [MESSAGE][PASSED] - Delayed 2 second(s)

2018-03-06 10:18:26 - [MESSAGE][WARNING] - Object 'Object Repository/CuPaDl/Icons/Icon_worldmap' is not visible after 1 second(s)

2018-03-06 10:18:26 - [MESSAGE][PASSED] - Object: 'Object Repository/CuPaDl/MenuScroll/ObjectsScrollRight' is clicked on

2018-03-06 10:18:28 - [MESSAGE][PASSED] - Delayed 2 second(s)

2018-03-06 10:18:28 - [MESSAGE][PASSED] - Object: 'Object Repository/CuPaDl/Icons/Icon_worldmap' is clicked on

2018-03-06 10:18:29 - [MESSAGE][PASSED] - Delayed 1 second(s)

2018-03-06 10:18:29 - [MESSAGE][PASSED] - Object 'Object Repository/CuPaDl/Loading_indicator' is visible

2018-03-06 10:18:32 - [MESSAGE][PASSED] - Object 'Object Repository/CuPaDl/Loading_indicator' is NOT visible

2018-03-06 10:18:32 - [MESSAGE][WARNING] - Timeout '0' is invalid. Using default page load timeout: '30'

2018-03-06 10:18:32 - [MESSAGE][PASSED] - Width of element 'Object Repository/CuPaDl/Icons/Reposition_icon' is '40'

2018-03-06 10:18:32 - [MESSAGE][PASSED] - Height of element 'Object Repository/CuPaDl/Icons/Reposition_icon' is '40'.

2018-03-06 10:18:33 - [MESSAGE][PASSED] - Delayed 1 second(s)

2018-03-06 10:18:33 - [MESSAGE][PASSED] - cupakeysDl.iconad.iconadd is PASSED

2018-03-06 10:18:33 - [TEST_STEP][PASSED] - Statement - (step++): null

2018-03-06 10:18:33 - [TEST_STEP][PASSED] - Statement - (iconcount++): null

2018-03-06 10:18:33 - [TEST_STEP][PASSED] - cupakeysDl.iconres.iconresize: cupakeysDl.iconres.iconresize is PASSED

2018-03-06 10:18:33 - [MESSAGE][PASSED] - Object 'Object Repository/CuPaDl/Icons/Reposition_icon' is visible

2018-03-06 10:18:33 - [MESSAGE][PASSED] - Current viewport's left (x) position is 0

2018-03-06 10:18:33 - [MESSAGE][PASSED] - Current viewport's top (y) position is 54

2018-03-06 10:18:33 - [MESSAGE][PASSED] - Dragged object with id 'Object Repository/CuPaDl/Icons/Resize_icon_bottomright' by offset distance x = 125 and y = 179 successfully

2018-03-06 10:18:34 - [MESSAGE][PASSED] - Object 'Object Repository/CuPaDl/Loading_indicator' is visible

2018-03-06 10:18:36 - [MESSAGE][PASSED] - Object 'Object Repository/CuPaDl/Loading_indicator' is NOT visible

2018-03-06 10:18:37 - [MESSAGE][PASSED] - Delayed 1 second(s)

2018-03-06 10:18:37 - [MESSAGE][PASSED] - cupakeysDl.iconres.iconresize is PASSED

2018-03-06 10:18:37 - [TEST_STEP][PASSED] - Statement - (step++): null

2018-03-06 10:18:37 - [TEST_STEP][PASSED] - cupakeysDl.slink.svlink: cupakeysDl.slink.svlink is PASSED

2018-03-06 10:18:37 - [MESSAGE][PASSED] - Scroll to object 'Object Repository/CuPaDl/Save/Save' successfully

2018-03-06 10:18:37 - [MESSAGE][PASSED] - Object: 'Object Repository/CuPaDl/Save/Save' is clicked on

2018-03-06 10:18:37 - [MESSAGE][WARNING] - Timeout '0' is invalid. Using default page load timeout: '30'

2018-03-06 10:18:39 - [MESSAGE][PASSED] - Object 'Object Repository/CuPaDl/Save/CopyLink' is visible

2018-03-06 10:18:39 - [MESSAGE][PASSED] - Attribute 'value' of object 'Object Repository/CuPaDl/Save/Link' is: 'https://d16a4dsnr8a0k1.cloudfront.net/en/2455233.html?scupaId=H1I7NmtUOisjJno0RURM'

2018-03-06 10:18:39 - [MESSAGE][PASSED] - cupakeysDl.slink.svlink is PASSED

2018-03-06 10:18:39 - [TEST_STEP][PASSED] - cupakeysDl.endsession.finishsession: cupakeysDl.endsession.finishsession is PASSED

2018-03-06 10:18:42 - [MESSAGE][PASSED] - Delayed 3 second(s)

2018-03-06 10:18:42 - [MESSAGE][PASSED] - Browser is closed

2018-03-06 10:18:42 - [MESSAGE][PASSED] - cupakeysDl.endsession.finishsession is PASSED]]></system-out>
         <system-err><![CDATA[]]></system-err>
      </testcase>
      <system-out><![CDATA[2018-03-06 09:38:18 - [TEST_SUITE][PASSED] - CuPa: Test Cases/CuPaStefanie/42]]></system-out>
      <system-err><![CDATA[]]></system-err>
   </testsuite>
</testsuites>
